[0907/020503.182:ERROR:process_reader_win.cc(151)] SuspendThread: Acceso denegado. (0x5)
[0907/020503.196:ERROR:process_reader_win.cc(123)] NtOpenThread: {Acceso denegado} Un proceso ha solicitado acceso a un objeto, pero no se le han concedido esos derechos de acceso. (0xc0000022)
[0907/020503.197:ERROR:exception_snapshot_win.cc(99)] thread ID 3212 not found in process
[0907/020503.238:ERROR:process_reader_win.cc(151)] SuspendThread: Acceso denegado. (0x5)
[0907/020503.238:ERROR:process_reader_win.cc(151)] SuspendThread: Acceso denegado. (0x5)
[0907/020503.238:ERROR:process_reader_win.cc(151)] SuspendThread: Acceso denegado. (0x5)
[0907/020503.238:ERROR:process_reader_win.cc(151)] SuspendThread: Acceso denegado. (0x5)
[0907/020503.249:ERROR:process_reader_win.cc(123)] NtOpenThread: {Acceso denegado} Un proceso ha solicitado acceso a un objeto, pero no se le han concedido esos derechos de acceso. (0xc0000022)
[0907/020503.249:ERROR:exception_snapshot_win.cc(99)] thread ID 8284 not found in process
[0907/194507.614:ERROR:process_reader_win.cc(151)] SuspendThread: Acceso denegado. (0x5)
[0907/194507.634:ERROR:process_reader_win.cc(151)] SuspendThread: Acceso denegado. (0x5)
[0907/194507.615:ERROR:process_reader_win.cc(151)] SuspendThread: Acceso denegado. (0x5)
[0907/194507.697:ERROR:process_reader_win.cc(151)] SuspendThread: Acceso denegado. (0x5)
[0907/194507.697:ERROR:process_reader_win.cc(151)] SuspendThread: Acceso denegado. (0x5)
[0907/194507.697:ERROR:process_reader_win.cc(151)] SuspendThread: Acceso denegado. (0x5)
[0907/194507.697:ERROR:process_reader_win.cc(151)] SuspendThread: Acceso denegado. (0x5)
[0907/194507.697:ERROR:process_reader_win.cc(151)] SuspendThread: Acceso denegado. (0x5)
[0907/194507.697:ERROR:process_reader_win.cc(151)] SuspendThread: Acceso denegado. (0x5)
[0907/194507.697:ERROR:process_reader_win.cc(151)] SuspendThread: Acceso denegado. (0x5)
[0907/194507.697:ERROR:process_reader_win.cc(151)] SuspendThread: Acceso denegado. (0x5)
[0907/194507.697:ERROR:process_reader_win.cc(151)] SuspendThread: Acceso denegado. (0x5)
[0907/194507.697:ERROR:process_reader_win.cc(151)] SuspendThread: Acceso denegado. (0x5)
[0907/194507.697:ERROR:process_reader_win.cc(151)] SuspendThread: Acceso denegado. (0x5)
[0907/194507.697:ERROR:process_reader_win.cc(151)] SuspendThread: Acceso denegado. (0x5)
[0907/194507.697:ERROR:process_reader_win.cc(151)] SuspendThread: Acceso denegado. (0x5)
[0907/194507.697:ERROR:process_reader_win.cc(151)] SuspendThread: Acceso denegado. (0x5)
[0907/194507.697:ERROR:process_reader_win.cc(151)] SuspendThread: Acceso denegado. (0x5)
[0907/194507.697:ERROR:process_reader_win.cc(151)] SuspendThread: Acceso denegado. (0x5)
[0907/194507.697:ERROR:process_reader_win.cc(151)] SuspendThread: Acceso denegado. (0x5)
[0907/194507.697:ERROR:process_reader_win.cc(151)] SuspendThread: Acceso denegado. (0x5)
[0907/194507.697:ERROR:process_reader_win.cc(151)] SuspendThread: Acceso denegado. (0x5)
[0907/194507.698:ERROR:process_reader_win.cc(151)] SuspendThread: Acceso denegado. (0x5)
[0907/194507.698:ERROR:process_reader_win.cc(151)] SuspendThread: Acceso denegado. (0x5)
[0907/194507.698:ERROR:process_reader_win.cc(151)] SuspendThread: Acceso denegado. (0x5)
[0907/194507.698:ERROR:process_reader_win.cc(151)] SuspendThread: Acceso denegado. (0x5)
[0907/194507.698:ERROR:process_reader_win.cc(151)] SuspendThread: Acceso denegado. (0x5)
[0907/194507.697:ERROR:process_reader_win.cc(123)] NtOpenThread: {Acceso denegado} Un proceso ha solicitado acceso a un objeto, pero no se le han concedido esos derechos de acceso. (0xc0000022)
[0907/194507.698:ERROR:process_reader_win.cc(151)] SuspendThread: Acceso denegado. (0x5)
[0907/194507.698:ERROR:exception_snapshot_win.cc(99)] thread ID 2456 not found in process
[0907/194507.698:ERROR:process_reader_win.cc(151)] SuspendThread: Acceso denegado. (0x5)
[0907/194507.698:ERROR:process_reader_win.cc(151)] SuspendThread: Acceso denegado. (0x5)
[0907/194507.698:ERROR:process_reader_win.cc(151)] SuspendThread: Acceso denegado. (0x5)
[0907/194507.698:ERROR:process_reader_win.cc(151)] SuspendThread: Acceso denegado. (0x5)
[0907/194507.698:ERROR:process_reader_win.cc(151)] SuspendThread: Acceso denegado. (0x5)
[0907/194507.698:ERROR:process_reader_win.cc(151)] SuspendThread: Acceso denegado. (0x5)
[0907/194507.697:ERROR:process_reader_win.cc(151)] SuspendThread: Acceso denegado. (0x5)
[0907/194507.698:ERROR:process_reader_win.cc(123)] NtOpenThread: {Acceso denegado} Un proceso ha solicitado acceso a un objeto, pero no se le han concedido esos derechos de acceso. (0xc0000022)
[0907/194507.698:ERROR:process_reader_win.cc(151)] SuspendThread: Acceso denegado. (0x5)
[0907/194507.698:ERROR:exception_snapshot_win.cc(99)] thread ID 11188 not found in process
[0907/194507.698:ERROR:process_reader_win.cc(151)] SuspendThread: Acceso denegado. (0x5)
[0907/194507.698:ERROR:process_reader_win.cc(151)] SuspendThread: Acceso denegado. (0x5)
[0907/194507.698:ERROR:process_reader_win.cc(151)] SuspendThread: Acceso denegado. (0x5)
[0907/194507.698:ERROR:process_reader_win.cc(151)] SuspendThread: Acceso denegado. (0x5)
[0907/194507.698:ERROR:process_reader_win.cc(151)] SuspendThread: Acceso denegado. (0x5)
[0907/194507.698:ERROR:process_reader_win.cc(151)] SuspendThread: Acceso denegado. (0x5)
[0907/194507.698:ERROR:process_reader_win.cc(151)] SuspendThread: Acceso denegado. (0x5)
[0907/194507.698:ERROR:process_reader_win.cc(151)] SuspendThread: Acceso denegado. (0x5)
[0907/194507.698:ERROR:process_reader_win.cc(151)] SuspendThread: Acceso denegado. (0x5)
[0907/194507.698:ERROR:process_reader_win.cc(151)] SuspendThread: Acceso denegado. (0x5)
[0907/194507.698:ERROR:process_reader_win.cc(151)] SuspendThread: Acceso denegado. (0x5)
[0907/194507.698:ERROR:process_reader_win.cc(151)] SuspendThread: Acceso denegado. (0x5)
[0907/194507.698:ERROR:process_reader_win.cc(123)] NtOpenThread: {Acceso denegado} Un proceso ha solicitado acceso a un objeto, pero no se le han concedido esos derechos de acceso. (0xc0000022)
[0907/194507.699:ERROR:exception_snapshot_win.cc(99)] thread ID 11952 not found in process
[0907/195943.311:ERROR:process_reader_win.cc(151)] SuspendThread: Acceso denegado. (0x5)
[0907/195943.312:ERROR:process_reader_win.cc(123)] NtOpenThread: {Acceso denegado} Un proceso ha solicitado acceso a un objeto, pero no se le han concedido esos derechos de acceso. (0xc0000022)
[0907/195943.312:ERROR:exception_snapshot_win.cc(99)] thread ID 7780 not found in process
[0907/195943.335:ERROR:process_reader_win.cc(151)] SuspendThread: Acceso denegado. (0x5)
[0907/195943.336:ERROR:process_reader_win.cc(151)] SuspendThread: Acceso denegado. (0x5)
[0907/195943.336:ERROR:process_reader_win.cc(151)] SuspendThread: Acceso denegado. (0x5)
[0907/195943.336:ERROR:process_reader_win.cc(151)] SuspendThread: Acceso denegado. (0x5)
[0907/195943.336:ERROR:process_reader_win.cc(151)] SuspendThread: Acceso denegado. (0x5)
[0907/195943.336:ERROR:process_reader_win.cc(123)] NtOpenThread: {Acceso denegado} Un proceso ha solicitado acceso a un objeto, pero no se le han concedido esos derechos de acceso. (0xc0000022)
[0907/195943.336:ERROR:exception_snapshot_win.cc(99)] thread ID 13304 not found in process
[0907/200800.738:ERROR:process_reader_win.cc(151)] SuspendThread: Acceso denegado. (0x5)
[0907/200800.740:ERROR:process_reader_win.cc(123)] NtOpenThread: {Acceso denegado} Un proceso ha solicitado acceso a un objeto, pero no se le han concedido esos derechos de acceso. (0xc0000022)
[0907/200800.740:ERROR:exception_snapshot_win.cc(99)] thread ID 11404 not found in process
[0907/200800.760:ERROR:process_reader_win.cc(123)] NtOpenThread: {Acceso denegado} Un proceso ha solicitado acceso a un objeto, pero no se le han concedido esos derechos de acceso. (0xc0000022)
[0907/200800.760:ERROR:exception_snapshot_win.cc(99)] thread ID 1972 not found in process
[0907/201527.818:ERROR:process_reader_win.cc(123)] NtOpenThread: {Acceso denegado} Un proceso ha solicitado acceso a un objeto, pero no se le han concedido esos derechos de acceso. (0xc0000022)
[0907/201527.820:ERROR:exception_snapshot_win.cc(99)] thread ID 9892 not found in process
[0907/201527.842:ERROR:process_reader_win.cc(123)] NtOpenThread: {Acceso denegado} Un proceso ha solicitado acceso a un objeto, pero no se le han concedido esos derechos de acceso. (0xc0000022)
[0907/201527.842:ERROR:exception_snapshot_win.cc(99)] thread ID 12256 not found in process
[0907/201622.182:ERROR:process_reader_win.cc(123)] NtOpenThread: {Acceso denegado} Un proceso ha solicitado acceso a un objeto, pero no se le han concedido esos derechos de acceso. (0xc0000022)
[0907/201622.183:ERROR:exception_snapshot_win.cc(99)] thread ID 1876 not found in process
[0907/201622.207:ERROR:process_reader_win.cc(123)] NtOpenThread: {Acceso denegado} Un proceso ha solicitado acceso a un objeto, pero no se le han concedido esos derechos de acceso. (0xc0000022)
[0907/201622.207:ERROR:exception_snapshot_win.cc(99)] thread ID 7156 not found in process
[0907/203637.641:ERROR:process_reader_win.cc(151)] SuspendThread: Acceso denegado. (0x5)
[0907/203637.643:ERROR:process_reader_win.cc(123)] NtOpenThread: {Acceso denegado} Un proceso ha solicitado acceso a un objeto, pero no se le han concedido esos derechos de acceso. (0xc0000022)
[0907/203637.643:ERROR:exception_snapshot_win.cc(99)] thread ID 1548 not found in process
[0907/203637.646:ERROR:process_reader_win.cc(151)] SuspendThread: Acceso denegado. (0x5)
[0907/203637.646:ERROR:process_reader_win.cc(151)] SuspendThread: Acceso denegado. (0x5)
[0907/203637.646:ERROR:process_reader_win.cc(151)] SuspendThread: Acceso denegado. (0x5)
[0907/203637.646:ERROR:process_reader_win.cc(151)] SuspendThread: Acceso denegado. (0x5)
[0907/203637.646:ERROR:process_reader_win.cc(151)] SuspendThread: Acceso denegado. (0x5)
[0907/203637.646:ERROR:process_reader_win.cc(123)] NtOpenThread: {Acceso denegado} Un proceso ha solicitado acceso a un objeto, pero no se le han concedido esos derechos de acceso. (0xc0000022)
[0907/203637.646:ERROR:exception_snapshot_win.cc(99)] thread ID 10060 not found in process
[0907/204350.275:ERROR:process_reader_win.cc(123)] NtOpenThread: {Acceso denegado} Un proceso ha solicitado acceso a un objeto, pero no se le han concedido esos derechos de acceso. (0xc0000022)
[0907/204350.277:ERROR:exception_snapshot_win.cc(99)] thread ID 6428 not found in process
[0907/204350.308:ERROR:process_reader_win.cc(123)] NtOpenThread: {Acceso denegado} Un proceso ha solicitado acceso a un objeto, pero no se le han concedido esos derechos de acceso. (0xc0000022)
[0907/204350.308:ERROR:exception_snapshot_win.cc(99)] thread ID 8160 not found in process
[0908/150522.203:ERROR:process_reader_win.cc(123)] NtOpenThread: {Acceso denegado} Un proceso ha solicitado acceso a un objeto, pero no se le han concedido esos derechos de acceso. (0xc0000022)
[0908/150522.254:ERROR:exception_snapshot_win.cc(99)] thread ID 14216 not found in process
[0908/150522.255:ERROR:scoped_process_suspend.cc(40)] NtResumeProcess: Se intentó obtener acceso a un proceso que está cerrándose. (0xc000010a)
[0908/152335.051:ERROR:prune_crash_reports.cc(36)] PruneCrashReportDatabase: Failed to get pending reports
[0908/152451.631:ERROR:prune_crash_reports.cc(36)] PruneCrashReportDatabase: Failed to get pending reports
[0908/170626.327:ERROR:process_reader_win.cc(123)] NtOpenThread: {Acceso denegado} Un proceso ha solicitado acceso a un objeto, pero no se le han concedido esos derechos de acceso. (0xc0000022)
[0908/170626.336:ERROR:process_reader_win.cc(123)] NtOpenThread: {Acceso denegado} Un proceso ha solicitado acceso a un objeto, pero no se le han concedido esos derechos de acceso. (0xc0000022)
[0908/170626.410:ERROR:exception_snapshot_win.cc(99)] thread ID 16156 not found in process
[0908/170626.410:ERROR:exception_snapshot_win.cc(99)] thread ID 14240 not found in process
[0908/172103.187:ERROR:process_reader_win.cc(123)] NtOpenThread: {Acceso denegado} Un proceso ha solicitado acceso a un objeto, pero no se le han concedido esos derechos de acceso. (0xc0000022)
[0908/172103.225:ERROR:exception_snapshot_win.cc(99)] thread ID 6716 not found in process
[0908/172103.186:ERROR:process_reader_win.cc(123)] NtOpenThread: {Acceso denegado} Un proceso ha solicitado acceso a un objeto, pero no se le han concedido esos derechos de acceso. (0xc0000022)
[0908/172103.186:ERROR:process_reader_win.cc(123)] NtOpenThread: {Acceso denegado} Un proceso ha solicitado acceso a un objeto, pero no se le han concedido esos derechos de acceso. (0xc0000022)
[0908/172103.187:ERROR:process_reader_win.cc(151)] SuspendThread: Acceso denegado. (0x5)
[0908/172103.187:ERROR:process_reader_win.cc(123)] NtOpenThread: {Acceso denegado} Un proceso ha solicitado acceso a un objeto, pero no se le han concedido esos derechos de acceso. (0xc0000022)
[0908/172103.258:ERROR:exception_snapshot_win.cc(99)] thread ID 11364 not found in process
[0908/172103.258:ERROR:exception_snapshot_win.cc(99)] thread ID 17864 not found in process
[0908/172103.258:ERROR:process_reader_win.cc(123)] NtOpenThread: {Acceso denegado} Un proceso ha solicitado acceso a un objeto, pero no se le han concedido esos derechos de acceso. (0xc0000022)
[0908/172103.258:ERROR:exception_snapshot_win.cc(99)] thread ID 7380 not found in process
[0908/172103.187:ERROR:process_reader_win.cc(123)] NtOpenThread: {Acceso denegado} Un proceso ha solicitado acceso a un objeto, pero no se le han concedido esos derechos de acceso. (0xc0000022)
[0908/172103.187:ERROR:process_reader_win.cc(123)] NtOpenThread: {Acceso denegado} Un proceso ha solicitado acceso a un objeto, pero no se le han concedido esos derechos de acceso. (0xc0000022)
[0908/172103.258:ERROR:exception_snapshot_win.cc(99)] thread ID 8392 not found in process
[0908/172103.187:ERROR:process_reader_win.cc(123)] NtOpenThread: {Acceso denegado} Un proceso ha solicitado acceso a un objeto, pero no se le han concedido esos derechos de acceso. (0xc0000022)
[0908/172103.259:ERROR:exception_snapshot_win.cc(99)] thread ID 6300 not found in process
[0908/172103.259:ERROR:exception_snapshot_win.cc(99)] thread ID 13512 not found in process
[0908/172103.258:ERROR:exception_snapshot_win.cc(99)] thread ID 17732 not found in process
[0908/181739.610:ERROR:process_reader_win.cc(151)] SuspendThread: Acceso denegado. (0x5)
[0908/181739.724:ERROR:process_reader_win.cc(151)] SuspendThread: Acceso denegado. (0x5)
[0908/181739.711:ERROR:process_reader_win.cc(151)] SuspendThread: Acceso denegado. (0x5)
[0908/181739.593:ERROR:process_reader_win.cc(151)] SuspendThread: Acceso denegado. (0x5)
[0908/181739.600:ERROR:process_reader_win.cc(151)] SuspendThread: Acceso denegado. (0x5)
[0908/181739.729:ERROR:process_reader_win.cc(151)] SuspendThread: Acceso denegado. (0x5)
[0908/181739.729:ERROR:process_reader_win.cc(151)] SuspendThread: Acceso denegado. (0x5)
[0908/181739.647:ERROR:process_reader_win.cc(151)] SuspendThread: Acceso denegado. (0x5)
[0908/181739.729:ERROR:process_reader_win.cc(151)] SuspendThread: Acceso denegado. (0x5)
[0908/181739.729:ERROR:process_reader_win.cc(151)] SuspendThread: Acceso denegado. (0x5)
[0908/181739.729:ERROR:process_reader_win.cc(151)] SuspendThread: Acceso denegado. (0x5)
[0908/181739.729:ERROR:process_reader_win.cc(151)] SuspendThread: Acceso denegado. (0x5)
[0908/181739.729:ERROR:process_reader_win.cc(151)] SuspendThread: Acceso denegado. (0x5)
[0908/181739.729:ERROR:process_reader_win.cc(151)] SuspendThread: Acceso denegado. (0x5)
[0908/181739.729:ERROR:process_reader_win.cc(151)] SuspendThread: Acceso denegado. (0x5)
[0908/181739.729:ERROR:process_reader_win.cc(151)] SuspendThread: Acceso denegado. (0x5)
[0908/181739.729:ERROR:process_reader_win.cc(151)] SuspendThread: Acceso denegado. (0x5)
[0908/181739.729:ERROR:process_reader_win.cc(151)] SuspendThread: Acceso denegado. (0x5)
[0908/181739.729:ERROR:process_reader_win.cc(123)] NtOpenThread: {Acceso denegado} Un proceso ha solicitado acceso a un objeto, pero no se le han concedido esos derechos de acceso. (0xc0000022)
[0908/181739.751:ERROR:process_reader_win.cc(151)] SuspendThread: Acceso denegado. (0x5)
[0908/181739.751:ERROR:exception_snapshot_win.cc(99)] thread ID 4308 not found in process
[0908/181739.751:ERROR:process_reader_win.cc(151)] SuspendThread: Acceso denegado. (0x5)
[0908/181739.753:ERROR:process_reader_win.cc(151)] SuspendThread: Acceso denegado. (0x5)
[0908/181739.753:ERROR:process_reader_win.cc(151)] SuspendThread: Acceso denegado. (0x5)
[0908/181739.753:ERROR:process_reader_win.cc(151)] SuspendThread: Acceso denegado. (0x5)
[0908/181739.753:ERROR:process_reader_win.cc(151)] SuspendThread: Acceso denegado. (0x5)
[0908/181739.753:ERROR:process_reader_win.cc(151)] SuspendThread: Acceso denegado. (0x5)
[0908/181739.753:ERROR:process_reader_win.cc(151)] SuspendThread: Acceso denegado. (0x5)
[0908/181739.753:ERROR:process_reader_win.cc(151)] SuspendThread: Acceso denegado. (0x5)
[0908/181739.753:ERROR:process_reader_win.cc(151)] SuspendThread: Acceso denegado. (0x5)
[0908/181739.753:ERROR:process_reader_win.cc(151)] SuspendThread: Acceso denegado. (0x5)
[0908/181739.753:ERROR:process_reader_win.cc(151)] SuspendThread: Acceso denegado. (0x5)
[0908/181739.753:ERROR:process_reader_win.cc(151)] SuspendThread: Acceso denegado. (0x5)
[0908/181739.753:ERROR:process_reader_win.cc(123)] NtOpenThread: {Acceso denegado} Un proceso ha solicitado acceso a un objeto, pero no se le han concedido esos derechos de acceso. (0xc0000022)
[0908/181739.753:ERROR:exception_snapshot_win.cc(99)] thread ID 12516 not found in process
[0908/181739.642:ERROR:process_reader_win.cc(151)] SuspendThread: Acceso denegado. (0x5)
[0908/181739.755:ERROR:process_reader_win.cc(151)] SuspendThread: Acceso denegado. (0x5)
[0908/181739.755:ERROR:process_reader_win.cc(151)] SuspendThread: Acceso denegado. (0x5)
[0908/181739.755:ERROR:process_reader_win.cc(151)] SuspendThread: Acceso denegado. (0x5)
[0908/181739.755:ERROR:process_reader_win.cc(151)] SuspendThread: Acceso denegado. (0x5)
[0908/181739.756:ERROR:process_reader_win.cc(151)] SuspendThread: Acceso denegado. (0x5)
[0908/181739.756:ERROR:process_reader_win.cc(151)] SuspendThread: Acceso denegado. (0x5)
[0908/181739.756:ERROR:process_reader_win.cc(151)] SuspendThread: Acceso denegado. (0x5)
[0908/181739.756:ERROR:process_reader_win.cc(151)] SuspendThread: Acceso denegado. (0x5)
[0908/181739.757:ERROR:process_reader_win.cc(151)] SuspendThread: Acceso denegado. (0x5)
[0908/181739.757:ERROR:process_reader_win.cc(151)] SuspendThread: Acceso denegado. (0x5)
[0908/181739.757:ERROR:process_reader_win.cc(151)] SuspendThread: Acceso denegado. (0x5)
[0908/181739.757:ERROR:process_reader_win.cc(123)] NtOpenThread: {Acceso denegado} Un proceso ha solicitado acceso a un objeto, pero no se le han concedido esos derechos de acceso. (0xc0000022)
[0908/181739.757:ERROR:exception_snapshot_win.cc(99)] thread ID 1388 not found in process
[0908/181739.763:ERROR:process_reader_win.cc(123)] NtOpenThread: {Acceso denegado} Un proceso ha solicitado acceso a un objeto, pero no se le han concedido esos derechos de acceso. (0xc0000022)
[0908/181739.764:ERROR:process_reader_win.cc(151)] SuspendThread: Acceso denegado. (0x5)
[0908/181739.751:ERROR:process_reader_win.cc(151)] SuspendThread: Acceso denegado. (0x5)
[0908/181739.744:ERROR:process_reader_win.cc(151)] SuspendThread: Acceso denegado. (0x5)
[0908/181739.765:ERROR:process_reader_win.cc(151)] SuspendThread: Acceso denegado. (0x5)
[0908/181739.765:ERROR:process_reader_win.cc(151)] SuspendThread: Acceso denegado. (0x5)
[0908/181739.765:ERROR:exception_snapshot_win.cc(99)] thread ID 12108 not found in process
[0908/181739.765:ERROR:process_reader_win.cc(151)] SuspendThread: Acceso denegado. (0x5)
[0908/181739.765:ERROR:process_reader_win.cc(151)] SuspendThread: Acceso denegado. (0x5)
[0908/181739.765:ERROR:process_reader_win.cc(151)] SuspendThread: Acceso denegado. (0x5)
[0908/181739.765:ERROR:process_reader_win.cc(151)] SuspendThread: Acceso denegado. (0x5)
[0908/181739.765:ERROR:process_reader_win.cc(151)] SuspendThread: Acceso denegado. (0x5)
[0908/181739.765:ERROR:process_reader_win.cc(151)] SuspendThread: Acceso denegado. (0x5)
[0908/181739.765:ERROR:process_reader_win.cc(151)] SuspendThread: Acceso denegado. (0x5)
[0908/181739.765:ERROR:process_reader_win.cc(151)] SuspendThread: Acceso denegado. (0x5)
[0908/181739.765:ERROR:process_reader_win.cc(123)] NtOpenThread: {Acceso denegado} Un proceso ha solicitado acceso a un objeto, pero no se le han concedido esos derechos de acceso. (0xc0000022)
[0908/181739.765:ERROR:process_reader_win.cc(151)] SuspendThread: Acceso denegado. (0x5)
[0908/181739.765:ERROR:process_reader_win.cc(151)] SuspendThread: Acceso denegado. (0x5)
[0908/181739.765:ERROR:exception_snapshot_win.cc(99)] thread ID 8560 not found in process
[0908/181739.765:ERROR:process_reader_win.cc(151)] SuspendThread: Acceso denegado. (0x5)
[0908/181739.765:ERROR:process_reader_win.cc(151)] SuspendThread: Acceso denegado. (0x5)
[0908/181739.765:ERROR:process_reader_win.cc(123)] NtOpenThread: {Acceso denegado} Un proceso ha solicitado acceso a un objeto, pero no se le han concedido esos derechos de acceso. (0xc0000022)
[0908/181739.765:ERROR:exception_snapshot_win.cc(99)] thread ID 11072 not found in process
[0908/181739.769:ERROR:process_reader_win.cc(151)] SuspendThread: Acceso denegado. (0x5)
[0908/181739.769:ERROR:process_reader_win.cc(151)] SuspendThread: Acceso denegado. (0x5)
[0908/181739.770:ERROR:process_reader_win.cc(151)] SuspendThread: Acceso denegado. (0x5)
[0908/181739.770:ERROR:process_reader_win.cc(151)] SuspendThread: Acceso denegado. (0x5)
[0908/181739.770:ERROR:process_reader_win.cc(151)] SuspendThread: Acceso denegado. (0x5)
[0908/181739.770:ERROR:process_reader_win.cc(151)] SuspendThread: Acceso denegado. (0x5)
[0908/181739.770:ERROR:process_reader_win.cc(151)] SuspendThread: Acceso denegado. (0x5)
[0908/181739.770:ERROR:process_reader_win.cc(151)] SuspendThread: Acceso denegado. (0x5)
[0908/181739.770:ERROR:process_reader_win.cc(151)] SuspendThread: Acceso denegado. (0x5)
[0908/181739.770:ERROR:process_reader_win.cc(151)] SuspendThread: Acceso denegado. (0x5)
[0908/181739.770:ERROR:process_reader_win.cc(151)] SuspendThread: Acceso denegado. (0x5)
[0908/181739.770:ERROR:process_reader_win.cc(151)] SuspendThread: Acceso denegado. (0x5)
[0908/181739.770:ERROR:process_reader_win.cc(151)] SuspendThread: Acceso denegado. (0x5)
[0908/181739.770:ERROR:process_reader_win.cc(151)] SuspendThread: Acceso denegado. (0x5)
[0908/181739.770:ERROR:process_reader_win.cc(151)] SuspendThread: Acceso denegado. (0x5)
[0908/181739.770:ERROR:process_reader_win.cc(151)] SuspendThread: Acceso denegado. (0x5)
[0908/181739.770:ERROR:process_reader_win.cc(151)] SuspendThread: Acceso denegado. (0x5)
[0908/181739.770:ERROR:process_reader_win.cc(151)] SuspendThread: Acceso denegado. (0x5)
[0908/181739.770:ERROR:process_reader_win.cc(151)] SuspendThread: Acceso denegado. (0x5)
[0908/181739.770:ERROR:process_reader_win.cc(151)] SuspendThread: Acceso denegado. (0x5)
[0908/181739.770:ERROR:process_reader_win.cc(151)] SuspendThread: Acceso denegado. (0x5)
[0908/181739.770:ERROR:process_reader_win.cc(151)] SuspendThread: Acceso denegado. (0x5)
[0908/181739.770:ERROR:process_reader_win.cc(151)] SuspendThread: Acceso denegado. (0x5)
[0908/181739.770:ERROR:process_reader_win.cc(151)] SuspendThread: Acceso denegado. (0x5)
[0908/181739.770:ERROR:process_reader_win.cc(151)] SuspendThread: Acceso denegado. (0x5)
[0908/181739.770:ERROR:process_reader_win.cc(151)] SuspendThread: Acceso denegado. (0x5)
[0908/181739.770:ERROR:process_reader_win.cc(151)] SuspendThread: Acceso denegado. (0x5)
[0908/181739.770:ERROR:process_reader_win.cc(151)] SuspendThread: Acceso denegado. (0x5)
[0908/181739.770:ERROR:process_reader_win.cc(123)] NtOpenThread: {Acceso denegado} Un proceso ha solicitado acceso a un objeto, pero no se le han concedido esos derechos de acceso. (0xc0000022)
[0908/181739.770:ERROR:exception_snapshot_win.cc(99)] thread ID 17844 not found in process
[0908/181739.770:ERROR:process_reader_win.cc(123)] NtOpenThread: {Acceso denegado} Un proceso ha solicitado acceso a un objeto, pero no se le han concedido esos derechos de acceso. (0xc0000022)
[0908/181739.771:ERROR:exception_snapshot_win.cc(99)] thread ID 7860 not found in process
[0908/181739.731:ERROR:process_reader_win.cc(151)] SuspendThread: Acceso denegado. (0x5)
[0908/181739.771:ERROR:process_reader_win.cc(123)] NtOpenThread: {Acceso denegado} Un proceso ha solicitado acceso a un objeto, pero no se le han concedido esos derechos de acceso. (0xc0000022)
[0908/181739.771:ERROR:exception_snapshot_win.cc(99)] thread ID 10868 not found in process
[0908/181739.765:ERROR:process_reader_win.cc(151)] SuspendThread: Acceso denegado. (0x5)
[0908/181739.772:ERROR:process_reader_win.cc(151)] SuspendThread: Acceso denegado. (0x5)
[0908/181739.776:ERROR:process_reader_win.cc(151)] SuspendThread: Acceso denegado. (0x5)
[0908/181739.776:ERROR:process_reader_win.cc(151)] SuspendThread: Acceso denegado. (0x5)
[0908/181739.776:ERROR:process_reader_win.cc(151)] SuspendThread: Acceso denegado. (0x5)
[0908/181739.776:ERROR:process_reader_win.cc(151)] SuspendThread: Acceso denegado. (0x5)
[0908/181739.776:ERROR:process_reader_win.cc(151)] SuspendThread: Acceso denegado. (0x5)
[0908/181739.776:ERROR:process_reader_win.cc(151)] SuspendThread: Acceso denegado. (0x5)
[0908/181739.776:ERROR:process_reader_win.cc(151)] SuspendThread: Acceso denegado. (0x5)
[0908/181739.776:ERROR:process_reader_win.cc(151)] SuspendThread: Acceso denegado. (0x5)
[0908/181739.776:ERROR:process_reader_win.cc(151)] SuspendThread: Acceso denegado. (0x5)
[0908/181739.776:ERROR:process_reader_win.cc(151)] SuspendThread: Acceso denegado. (0x5)
[0908/181739.777:ERROR:process_reader_win.cc(151)] SuspendThread: Acceso denegado. (0x5)
[0908/181739.777:ERROR:process_reader_win.cc(151)] SuspendThread: Acceso denegado. (0x5)
[0908/181739.777:ERROR:process_reader_win.cc(151)] SuspendThread: Acceso denegado. (0x5)
[0908/181739.777:ERROR:process_reader_win.cc(151)] SuspendThread: Acceso denegado. (0x5)
[0908/181739.777:ERROR:process_reader_win.cc(151)] SuspendThread: Acceso denegado. (0x5)
[0908/181739.777:ERROR:process_reader_win.cc(151)] SuspendThread: Acceso denegado. (0x5)
[0908/181739.777:ERROR:process_reader_win.cc(151)] SuspendThread: Acceso denegado. (0x5)
[0908/181739.777:ERROR:process_reader_win.cc(151)] SuspendThread: Acceso denegado. (0x5)
[0908/181739.777:ERROR:process_reader_win.cc(151)] SuspendThread: Acceso denegado. (0x5)
[0908/181739.777:ERROR:process_reader_win.cc(123)] NtOpenThread: {Acceso denegado} Un proceso ha solicitado acceso a un objeto, pero no se le han concedido esos derechos de acceso. (0xc0000022)
[0908/181739.777:ERROR:exception_snapshot_win.cc(99)] thread ID 17352 not found in process
[0909/001642.961:ERROR:process_reader_win.cc(123)] NtOpenThread: {Acceso denegado} Un proceso ha solicitado acceso a un objeto, pero no se le han concedido esos derechos de acceso. (0xc0000022)
[0909/001642.962:ERROR:process_reader_win.cc(123)] NtOpenThread: {Acceso denegado} Un proceso ha solicitado acceso a un objeto, pero no se le han concedido esos derechos de acceso. (0xc0000022)
[0909/001642.995:ERROR:exception_snapshot_win.cc(99)] thread ID 5524 not found in process
[0909/001642.961:ERROR:process_reader_win.cc(123)] NtOpenThread: {Acceso denegado} Un proceso ha solicitado acceso a un objeto, pero no se le han concedido esos derechos de acceso. (0xc0000022)
[0909/001642.995:ERROR:exception_snapshot_win.cc(99)] thread ID 12708 not found in process
[0909/001642.985:ERROR:process_reader_win.cc(123)] NtOpenThread: {Acceso denegado} Un proceso ha solicitado acceso a un objeto, pero no se le han concedido esos derechos de acceso. (0xc0000022)
[0909/001642.996:ERROR:exception_snapshot_win.cc(99)] thread ID 9960 not found in process
[0909/001642.996:ERROR:exception_snapshot_win.cc(99)] thread ID 14140 not found in process
[0909/001642.995:ERROR:scoped_process_suspend.cc(40)] NtResumeProcess: Se intentó obtener acceso a un proceso que está cerrándose. (0xc000010a)
[0909/002136.752:ERROR:process_reader_win.cc(123)] NtOpenThread: {Acceso denegado} Un proceso ha solicitado acceso a un objeto, pero no se le han concedido esos derechos de acceso. (0xc0000022)
[0909/002136.753:ERROR:exception_snapshot_win.cc(99)] thread ID 18000 not found in process
[0909/002136.772:ERROR:process_reader_win.cc(151)] SuspendThread: Acceso denegado. (0x5)
[0909/002136.773:ERROR:process_reader_win.cc(151)] SuspendThread: Acceso denegado. (0x5)
[0909/002136.773:ERROR:process_reader_win.cc(151)] SuspendThread: Acceso denegado. (0x5)
[0909/002136.773:ERROR:process_reader_win.cc(151)] SuspendThread: Acceso denegado. (0x5)
[0909/002136.773:ERROR:process_reader_win.cc(123)] NtOpenThread: {Acceso denegado} Un proceso ha solicitado acceso a un objeto, pero no se le han concedido esos derechos de acceso. (0xc0000022)
[0909/002136.773:ERROR:exception_snapshot_win.cc(99)] thread ID 1224 not found in process
[0909/002546.729:ERROR:process_reader_win.cc(123)] NtOpenThread: {Acceso denegado} Un proceso ha solicitado acceso a un objeto, pero no se le han concedido esos derechos de acceso. (0xc0000022)
[0909/002546.730:ERROR:exception_snapshot_win.cc(99)] thread ID 6584 not found in process
[0909/002546.730:ERROR:process_reader_win.cc(123)] NtOpenThread: {Acceso denegado} Un proceso ha solicitado acceso a un objeto, pero no se le han concedido esos derechos de acceso. (0xc0000022)
[0909/002546.731:ERROR:exception_snapshot_win.cc(99)] thread ID 4168 not found in process
[0909/002546.769:ERROR:process_reader_win.cc(151)] SuspendThread: Acceso denegado. (0x5)
[0909/002546.769:ERROR:process_reader_win.cc(151)] SuspendThread: Acceso denegado. (0x5)
[0909/002546.769:ERROR:process_reader_win.cc(151)] SuspendThread: Acceso denegado. (0x5)
[0909/002546.769:ERROR:process_reader_win.cc(123)] NtOpenThread: {Acceso denegado} Un proceso ha solicitado acceso a un objeto, pero no se le han concedido esos derechos de acceso. (0xc0000022)
[0909/002546.769:ERROR:exception_snapshot_win.cc(99)] thread ID 7584 not found in process
[0909/002546.771:ERROR:process_reader_win.cc(151)] SuspendThread: Acceso denegado. (0x5)
[0909/002546.771:ERROR:process_reader_win.cc(151)] SuspendThread: Acceso denegado. (0x5)
[0909/002546.771:ERROR:process_reader_win.cc(151)] SuspendThread: Acceso denegado. (0x5)
[0909/002546.771:ERROR:process_reader_win.cc(151)] SuspendThread: Acceso denegado. (0x5)
[0909/002546.772:ERROR:process_reader_win.cc(123)] NtOpenThread: {Acceso denegado} Un proceso ha solicitado acceso a un objeto, pero no se le han concedido esos derechos de acceso. (0xc0000022)
[0909/002546.772:ERROR:exception_snapshot_win.cc(99)] thread ID 4124 not found in process
[0909/153151.995:ERROR:process_reader_win.cc(123)] NtOpenThread: {Acceso denegado} Un proceso ha solicitado acceso a un objeto, pero no se le han concedido esos derechos de acceso. (0xc0000022)
[0909/153152.010:ERROR:process_reader_win.cc(123)] NtOpenThread: {Acceso denegado} Un proceso ha solicitado acceso a un objeto, pero no se le han concedido esos derechos de acceso. (0xc0000022)
[0909/153152.049:ERROR:exception_snapshot_win.cc(99)] thread ID 6416 not found in process
[0909/153152.049:ERROR:exception_snapshot_win.cc(99)] thread ID 4704 not found in process
[0909/155549.445:ERROR:process_reader_win.cc(151)] SuspendThread: Acceso denegado. (0x5)
[0909/155549.483:ERROR:process_reader_win.cc(151)] SuspendThread: Acceso denegado. (0x5)
[0909/155549.483:ERROR:process_reader_win.cc(151)] SuspendThread: Acceso denegado. (0x5)
[0909/155549.484:ERROR:process_reader_win.cc(151)] SuspendThread: Acceso denegado. (0x5)
[0909/155549.484:ERROR:process_reader_win.cc(151)] SuspendThread: Acceso denegado. (0x5)
[0909/155549.484:ERROR:process_reader_win.cc(151)] SuspendThread: Acceso denegado. (0x5)
[0909/155549.484:ERROR:process_reader_win.cc(151)] SuspendThread: Acceso denegado. (0x5)
[0909/155549.484:ERROR:process_reader_win.cc(151)] SuspendThread: Acceso denegado. (0x5)
[0909/155549.484:ERROR:process_reader_win.cc(151)] SuspendThread: Acceso denegado. (0x5)
[0909/155549.484:ERROR:process_reader_win.cc(151)] SuspendThread: Acceso denegado. (0x5)
[0909/155549.484:ERROR:process_reader_win.cc(151)] SuspendThread: Acceso denegado. (0x5)
[0909/155549.484:ERROR:process_reader_win.cc(151)] SuspendThread: Acceso denegado. (0x5)
[0909/155549.484:ERROR:process_reader_win.cc(151)] SuspendThread: Acceso denegado. (0x5)
[0909/155549.484:ERROR:process_reader_win.cc(151)] SuspendThread: Acceso denegado. (0x5)
[0909/155549.484:ERROR:process_reader_win.cc(151)] SuspendThread: Acceso denegado. (0x5)
[0909/155549.484:ERROR:process_reader_win.cc(151)] SuspendThread: Acceso denegado. (0x5)
[0909/155549.484:ERROR:process_reader_win.cc(151)] SuspendThread: Acceso denegado. (0x5)
[0909/155549.484:ERROR:process_reader_win.cc(151)] SuspendThread: Acceso denegado. (0x5)
[0909/155549.484:ERROR:process_reader_win.cc(151)] SuspendThread: Acceso denegado. (0x5)
[0909/155549.484:ERROR:process_reader_win.cc(151)] SuspendThread: Acceso denegado. (0x5)
[0909/155549.484:ERROR:process_reader_win.cc(151)] SuspendThread: Acceso denegado. (0x5)
[0909/155549.484:ERROR:process_reader_win.cc(151)] SuspendThread: Acceso denegado. (0x5)
[0909/155549.484:ERROR:process_reader_win.cc(151)] SuspendThread: Acceso denegado. (0x5)
[0909/155549.484:ERROR:process_reader_win.cc(151)] SuspendThread: Acceso denegado. (0x5)
[0909/155549.484:ERROR:process_reader_win.cc(151)] SuspendThread: Acceso denegado. (0x5)
[0909/155549.484:ERROR:process_reader_win.cc(151)] SuspendThread: Acceso denegado. (0x5)
[0909/155549.484:ERROR:process_reader_win.cc(151)] SuspendThread: Acceso denegado. (0x5)
[0909/155549.484:ERROR:process_reader_win.cc(151)] SuspendThread: Acceso denegado. (0x5)
[0909/155549.484:ERROR:process_reader_win.cc(151)] SuspendThread: Acceso denegado. (0x5)
[0909/155549.467:ERROR:process_reader_win.cc(151)] SuspendThread: Acceso denegado. (0x5)
[0909/155549.495:ERROR:process_reader_win.cc(151)] SuspendThread: Acceso denegado. (0x5)
[0909/155549.495:ERROR:process_reader_win.cc(151)] SuspendThread: Acceso denegado. (0x5)
[0909/155549.495:ERROR:process_reader_win.cc(151)] SuspendThread: Acceso denegado. (0x5)
[0909/155549.495:ERROR:process_reader_win.cc(151)] SuspendThread: Acceso denegado. (0x5)
[0909/155549.495:ERROR:process_reader_win.cc(151)] SuspendThread: Acceso denegado. (0x5)
[0909/155549.495:ERROR:process_reader_win.cc(151)] SuspendThread: Acceso denegado. (0x5)
[0909/155549.445:ERROR:process_reader_win.cc(151)] SuspendThread: Acceso denegado. (0x5)
[0909/155549.496:ERROR:process_reader_win.cc(151)] SuspendThread: Acceso denegado. (0x5)
[0909/155549.496:ERROR:process_reader_win.cc(151)] SuspendThread: Acceso denegado. (0x5)
[0909/155549.496:ERROR:process_reader_win.cc(151)] SuspendThread: Acceso denegado. (0x5)
[0909/155549.496:ERROR:process_reader_win.cc(151)] SuspendThread: Acceso denegado. (0x5)
[0909/155549.496:ERROR:process_reader_win.cc(151)] SuspendThread: Acceso denegado. (0x5)
[0909/155549.498:ERROR:process_reader_win.cc(151)] SuspendThread: Acceso denegado. (0x5)
[0909/155549.499:ERROR:process_reader_win.cc(151)] SuspendThread: Acceso denegado. (0x5)
[0909/155549.484:ERROR:process_reader_win.cc(123)] NtOpenThread: {Acceso denegado} Un proceso ha solicitado acceso a un objeto, pero no se le han concedido esos derechos de acceso. (0xc0000022)
[0909/155549.500:ERROR:process_reader_win.cc(151)] SuspendThread: Acceso denegado. (0x5)
[0909/155549.500:ERROR:process_reader_win.cc(151)] SuspendThread: Acceso denegado. (0x5)
[0909/155549.500:ERROR:exception_snapshot_win.cc(99)] thread ID 2780 not found in process
[0909/155549.500:ERROR:process_reader_win.cc(151)] SuspendThread: Acceso denegado. (0x5)
[0909/155549.496:ERROR:process_reader_win.cc(151)] SuspendThread: Acceso denegado. (0x5)
[0909/155549.494:ERROR:process_reader_win.cc(151)] SuspendThread: Acceso denegado. (0x5)
[0909/155549.541:ERROR:process_reader_win.cc(151)] SuspendThread: Acceso denegado. (0x5)
[0909/155549.488:ERROR:process_reader_win.cc(151)] SuspendThread: Acceso denegado. (0x5)
[0909/155549.558:ERROR:process_reader_win.cc(151)] SuspendThread: Acceso denegado. (0x5)
[0909/155549.558:ERROR:process_reader_win.cc(151)] SuspendThread: Acceso denegado. (0x5)
[0909/155549.558:ERROR:process_reader_win.cc(151)] SuspendThread: Acceso denegado. (0x5)
[0909/155549.558:ERROR:process_reader_win.cc(151)] SuspendThread: Acceso denegado. (0x5)
[0909/155549.558:ERROR:process_reader_win.cc(151)] SuspendThread: Acceso denegado. (0x5)
[0909/155549.558:ERROR:process_reader_win.cc(151)] SuspendThread: Acceso denegado. (0x5)
[0909/155549.558:ERROR:process_reader_win.cc(151)] SuspendThread: Acceso denegado. (0x5)
[0909/155549.558:ERROR:process_reader_win.cc(151)] SuspendThread: Acceso denegado. (0x5)
[0909/155549.558:ERROR:process_reader_win.cc(151)] SuspendThread: Acceso denegado. (0x5)
[0909/155549.558:ERROR:process_reader_win.cc(151)] SuspendThread: Acceso denegado. (0x5)
[0909/155549.558:ERROR:process_reader_win.cc(151)] SuspendThread: Acceso denegado. (0x5)
[0909/155549.558:ERROR:process_reader_win.cc(151)] SuspendThread: Acceso denegado. (0x5)
[0909/155549.558:ERROR:process_reader_win.cc(151)] SuspendThread: Acceso denegado. (0x5)
[0909/155549.558:ERROR:process_reader_win.cc(151)] SuspendThread: Acceso denegado. (0x5)
[0909/155549.558:ERROR:process_reader_win.cc(151)] SuspendThread: Acceso denegado. (0x5)
[0909/155549.558:ERROR:process_reader_win.cc(151)] SuspendThread: Acceso denegado. (0x5)
[0909/155549.558:ERROR:process_reader_win.cc(151)] SuspendThread: Acceso denegado. (0x5)
[0909/155549.558:ERROR:process_reader_win.cc(151)] SuspendThread: Acceso denegado. (0x5)
[0909/155549.558:ERROR:process_reader_win.cc(151)] SuspendThread: Acceso denegado. (0x5)
[0909/155549.558:ERROR:process_reader_win.cc(151)] SuspendThread: Acceso denegado. (0x5)
[0909/155549.558:ERROR:process_reader_win.cc(151)] SuspendThread: Acceso denegado. (0x5)
[0909/155549.558:ERROR:process_reader_win.cc(151)] SuspendThread: Acceso denegado. (0x5)
[0909/155549.558:ERROR:process_reader_win.cc(151)] SuspendThread: Acceso denegado. (0x5)
[0909/155549.558:ERROR:process_reader_win.cc(151)] SuspendThread: Acceso denegado. (0x5)
[0909/155549.558:ERROR:process_reader_win.cc(151)] SuspendThread: Acceso denegado. (0x5)
[0909/155549.558:ERROR:process_reader_win.cc(151)] SuspendThread: Acceso denegado. (0x5)
[0909/155549.558:ERROR:process_reader_win.cc(151)] SuspendThread: Acceso denegado. (0x5)
[0909/155549.558:ERROR:process_reader_win.cc(151)] SuspendThread: Acceso denegado. (0x5)
[0909/155549.558:ERROR:process_reader_win.cc(151)] SuspendThread: Acceso denegado. (0x5)
[0909/155549.558:ERROR:process_reader_win.cc(151)] SuspendThread: Acceso denegado. (0x5)
[0909/155549.558:ERROR:process_reader_win.cc(151)] SuspendThread: Acceso denegado. (0x5)
[0909/155549.558:ERROR:process_reader_win.cc(151)] SuspendThread: Acceso denegado. (0x5)
[0909/155549.558:ERROR:process_reader_win.cc(151)] SuspendThread: Acceso denegado. (0x5)
[0909/155549.558:ERROR:process_reader_win.cc(151)] SuspendThread: Acceso denegado. (0x5)
[0909/155549.558:ERROR:process_reader_win.cc(151)] SuspendThread: Acceso denegado. (0x5)
[0909/155549.558:ERROR:process_reader_win.cc(151)] SuspendThread: Acceso denegado. (0x5)
[0909/155549.558:ERROR:process_reader_win.cc(151)] SuspendThread: Acceso denegado. (0x5)
[0909/155549.558:ERROR:process_reader_win.cc(151)] SuspendThread: Acceso denegado. (0x5)
[0909/155549.558:ERROR:process_reader_win.cc(151)] SuspendThread: Acceso denegado. (0x5)
[0909/155549.558:ERROR:process_reader_win.cc(151)] SuspendThread: Acceso denegado. (0x5)
[0909/155549.558:ERROR:process_reader_win.cc(151)] SuspendThread: Acceso denegado. (0x5)
[0909/155549.558:ERROR:process_reader_win.cc(151)] SuspendThread: Acceso denegado. (0x5)
[0909/155549.558:ERROR:process_reader_win.cc(151)] SuspendThread: Acceso denegado. (0x5)
[0909/155549.558:ERROR:process_reader_win.cc(151)] SuspendThread: Acceso denegado. (0x5)
[0909/155549.558:ERROR:process_reader_win.cc(151)] SuspendThread: Acceso denegado. (0x5)
[0909/155549.558:ERROR:process_reader_win.cc(151)] SuspendThread: Acceso denegado. (0x5)
[0909/155549.558:ERROR:process_reader_win.cc(151)] SuspendThread: Acceso denegado. (0x5)
[0909/155549.558:ERROR:process_reader_win.cc(151)] SuspendThread: Acceso denegado. (0x5)
[0909/155549.559:ERROR:process_reader_win.cc(151)] SuspendThread: Acceso denegado. (0x5)
[0909/155549.559:ERROR:process_reader_win.cc(151)] SuspendThread: Acceso denegado. (0x5)
[0909/155549.559:ERROR:process_reader_win.cc(151)] SuspendThread: Acceso denegado. (0x5)
[0909/155549.559:ERROR:process_reader_win.cc(151)] SuspendThread: Acceso denegado. (0x5)
[0909/155549.559:ERROR:process_reader_win.cc(151)] SuspendThread: Acceso denegado. (0x5)
[0909/155549.559:ERROR:process_reader_win.cc(151)] SuspendThread: Acceso denegado. (0x5)
[0909/155549.559:ERROR:process_reader_win.cc(151)] SuspendThread: Acceso denegado. (0x5)
[0909/155549.559:ERROR:process_reader_win.cc(151)] SuspendThread: Acceso denegado. (0x5)
[0909/155549.559:ERROR:process_reader_win.cc(151)] SuspendThread: Acceso denegado. (0x5)
[0909/155549.559:ERROR:process_reader_win.cc(151)] SuspendThread: Acceso denegado. (0x5)
[0909/155549.559:ERROR:process_reader_win.cc(151)] SuspendThread: Acceso denegado. (0x5)
[0909/155549.559:ERROR:process_reader_win.cc(151)] SuspendThread: Acceso denegado. (0x5)
[0909/155549.559:ERROR:process_reader_win.cc(151)] SuspendThread: Acceso denegado. (0x5)
[0909/155549.559:ERROR:process_reader_win.cc(151)] SuspendThread: Acceso denegado. (0x5)
[0909/155549.559:ERROR:process_reader_win.cc(151)] SuspendThread: Acceso denegado. (0x5)
[0909/155549.559:ERROR:process_reader_win.cc(151)] SuspendThread: Acceso denegado. (0x5)
[0909/155549.559:ERROR:process_reader_win.cc(151)] SuspendThread: Acceso denegado. (0x5)
[0909/155549.559:ERROR:process_reader_win.cc(151)] SuspendThread: Acceso denegado. (0x5)
[0909/155549.559:ERROR:process_reader_win.cc(151)] SuspendThread: Acceso denegado. (0x5)
[0909/155549.559:ERROR:process_reader_win.cc(151)] SuspendThread: Acceso denegado. (0x5)
[0909/155549.559:ERROR:process_reader_win.cc(123)] NtOpenThread: {Acceso denegado} Un proceso ha solicitado acceso a un objeto, pero no se le han concedido esos derechos de acceso. (0xc0000022)
[0909/155549.559:ERROR:exception_snapshot_win.cc(99)] thread ID 7628 not found in process
[0909/155549.559:ERROR:process_reader_win.cc(123)] NtOpenThread: {Acceso denegado} Un proceso ha solicitado acceso a un objeto, pero no se le han concedido esos derechos de acceso. (0xc0000022)
[0909/155549.559:ERROR:exception_snapshot_win.cc(99)] thread ID 17292 not found in process
[0909/155549.559:ERROR:process_reader_win.cc(123)] NtOpenThread: {Acceso denegado} Un proceso ha solicitado acceso a un objeto, pero no se le han concedido esos derechos de acceso. (0xc0000022)
[0909/155549.560:ERROR:exception_snapshot_win.cc(99)] thread ID 11424 not found in process
[0909/155549.561:ERROR:process_reader_win.cc(151)] SuspendThread: Acceso denegado. (0x5)
[0909/155549.561:ERROR:process_reader_win.cc(123)] NtOpenThread: {Acceso denegado} Un proceso ha solicitado acceso a un objeto, pero no se le han concedido esos derechos de acceso. (0xc0000022)
[0909/155549.561:ERROR:exception_snapshot_win.cc(99)] thread ID 14024 not found in process
[0909/155549.565:ERROR:process_reader_win.cc(151)] SuspendThread: Acceso denegado. (0x5)
[0909/155549.565:ERROR:process_reader_win.cc(123)] NtOpenThread: {Acceso denegado} Un proceso ha solicitado acceso a un objeto, pero no se le han concedido esos derechos de acceso. (0xc0000022)
[0909/155549.565:ERROR:exception_snapshot_win.cc(99)] thread ID 14908 not found in process
[0909/155549.567:ERROR:process_reader_win.cc(151)] SuspendThread: Acceso denegado. (0x5)
[0909/155549.567:ERROR:process_reader_win.cc(151)] SuspendThread: Acceso denegado. (0x5)
[0909/155549.567:ERROR:process_reader_win.cc(151)] SuspendThread: Acceso denegado. (0x5)
[0909/155549.538:ERROR:process_reader_win.cc(151)] SuspendThread: Acceso denegado. (0x5)
[0909/155549.568:ERROR:process_reader_win.cc(151)] SuspendThread: Acceso denegado. (0x5)
[0909/155549.568:ERROR:process_reader_win.cc(151)] SuspendThread: Acceso denegado. (0x5)
[0909/155549.568:ERROR:process_reader_win.cc(151)] SuspendThread: Acceso denegado. (0x5)
[0909/155549.568:ERROR:process_reader_win.cc(151)] SuspendThread: Acceso denegado. (0x5)
[0909/155549.568:ERROR:process_reader_win.cc(151)] SuspendThread: Acceso denegado. (0x5)
[0909/155549.568:ERROR:process_reader_win.cc(123)] NtOpenThread: {Acceso denegado} Un proceso ha solicitado acceso a un objeto, pero no se le han concedido esos derechos de acceso. (0xc0000022)
[0909/155549.568:ERROR:exception_snapshot_win.cc(99)] thread ID 11664 not found in process
[0909/155549.568:ERROR:process_reader_win.cc(151)] SuspendThread: Acceso denegado. (0x5)
[0909/155549.568:ERROR:process_reader_win.cc(151)] SuspendThread: Acceso denegado. (0x5)
[0909/155549.568:ERROR:process_reader_win.cc(151)] SuspendThread: Acceso denegado. (0x5)
[0909/155549.568:ERROR:process_reader_win.cc(151)] SuspendThread: Acceso denegado. (0x5)
[0909/155549.568:ERROR:process_reader_win.cc(151)] SuspendThread: Acceso denegado. (0x5)
[0909/155549.568:ERROR:process_reader_win.cc(151)] SuspendThread: Acceso denegado. (0x5)
[0909/155549.568:ERROR:process_reader_win.cc(151)] SuspendThread: Acceso denegado. (0x5)
[0909/155549.568:ERROR:process_reader_win.cc(151)] SuspendThread: Acceso denegado. (0x5)
[0909/155549.568:ERROR:process_reader_win.cc(151)] SuspendThread: Acceso denegado. (0x5)
[0909/155549.568:ERROR:process_reader_win.cc(151)] SuspendThread: Acceso denegado. (0x5)
[0909/155549.568:ERROR:process_reader_win.cc(151)] SuspendThread: Acceso denegado. (0x5)
[0909/155549.568:ERROR:process_reader_win.cc(151)] SuspendThread: Acceso denegado. (0x5)
[0909/155549.569:ERROR:process_reader_win.cc(151)] SuspendThread: Acceso denegado. (0x5)
[0909/155549.568:ERROR:process_reader_win.cc(151)] SuspendThread: Acceso denegado. (0x5)
[0909/155549.569:ERROR:process_reader_win.cc(151)] SuspendThread: Acceso denegado. (0x5)
[0909/155549.569:ERROR:process_reader_win.cc(151)] SuspendThread: Acceso denegado. (0x5)
[0909/155549.569:ERROR:process_reader_win.cc(151)] SuspendThread: Acceso denegado. (0x5)
[0909/155549.569:ERROR:process_reader_win.cc(151)] SuspendThread: Acceso denegado. (0x5)
[0909/155549.569:ERROR:process_reader_win.cc(151)] SuspendThread: Acceso denegado. (0x5)
[0909/155549.569:ERROR:process_reader_win.cc(151)] SuspendThread: Acceso denegado. (0x5)
[0909/155549.569:ERROR:process_reader_win.cc(151)] SuspendThread: Acceso denegado. (0x5)
[0909/155549.569:ERROR:process_reader_win.cc(151)] SuspendThread: Acceso denegado. (0x5)
[0909/155549.569:ERROR:process_reader_win.cc(151)] SuspendThread: Acceso denegado. (0x5)
[0909/155549.569:ERROR:process_reader_win.cc(151)] SuspendThread: Acceso denegado. (0x5)
[0909/155549.558:ERROR:process_reader_win.cc(123)] NtOpenThread: {Acceso denegado} Un proceso ha solicitado acceso a un objeto, pero no se le han concedido esos derechos de acceso. (0xc0000022)
[0909/155549.569:ERROR:exception_snapshot_win.cc(99)] thread ID 9132 not found in process
[0909/155549.569:ERROR:process_reader_win.cc(123)] NtOpenThread: {Acceso denegado} Un proceso ha solicitado acceso a un objeto, pero no se le han concedido esos derechos de acceso. (0xc0000022)
[0909/155549.570:ERROR:exception_snapshot_win.cc(99)] thread ID 6768 not found in process
[0909/155549.569:ERROR:process_reader_win.cc(123)] NtOpenThread: {Acceso denegado} Un proceso ha solicitado acceso a un objeto, pero no se le han concedido esos derechos de acceso. (0xc0000022)
[0909/155549.570:ERROR:exception_snapshot_win.cc(99)] thread ID 12064 not found in process
[0909/155549.543:ERROR:process_reader_win.cc(151)] SuspendThread: Acceso denegado. (0x5)
[0909/155549.564:ERROR:process_reader_win.cc(151)] SuspendThread: Acceso denegado. (0x5)
[0909/155549.571:ERROR:process_reader_win.cc(123)] NtOpenThread: {Acceso denegado} Un proceso ha solicitado acceso a un objeto, pero no se le han concedido esos derechos de acceso. (0xc0000022)
[0909/155549.571:ERROR:process_reader_win.cc(123)] NtOpenThread: {Acceso denegado} Un proceso ha solicitado acceso a un objeto, pero no se le han concedido esos derechos de acceso. (0xc0000022)
[0909/155549.571:ERROR:exception_snapshot_win.cc(99)] thread ID 3592 not found in process
[0909/155549.571:ERROR:exception_snapshot_win.cc(99)] thread ID 9832 not found in process
[0909/175645.409:ERROR:process_reader_win.cc(151)] SuspendThread: Acceso denegado. (0x5)
[0909/175645.474:ERROR:process_reader_win.cc(151)] SuspendThread: Acceso denegado. (0x5)
[0909/175645.474:ERROR:process_reader_win.cc(123)] NtOpenThread: {Acceso denegado} Un proceso ha solicitado acceso a un objeto, pero no se le han concedido esos derechos de acceso. (0xc0000022)
[0909/175645.497:ERROR:exception_snapshot_win.cc(99)] thread ID 15688 not found in process
[0909/175645.436:ERROR:process_reader_win.cc(123)] NtOpenThread: {Acceso denegado} Un proceso ha solicitado acceso a un objeto, pero no se le han concedido esos derechos de acceso. (0xc0000022)
[0909/175645.498:ERROR:exception_snapshot_win.cc(99)] thread ID 10324 not found in process
[0909/175856.490:ERROR:process_reader_win.cc(123)] NtOpenThread: {Acceso denegado} Un proceso ha solicitado acceso a un objeto, pero no se le han concedido esos derechos de acceso. (0xc0000022)
[0909/175856.493:ERROR:exception_snapshot_win.cc(99)] thread ID 10336 not found in process
[0909/175856.513:ERROR:process_reader_win.cc(123)] NtOpenThread: {Acceso denegado} Un proceso ha solicitado acceso a un objeto, pero no se le han concedido esos derechos de acceso. (0xc0000022)
[0909/175856.513:ERROR:exception_snapshot_win.cc(99)] thread ID 7012 not found in process
[0909/184431.017:ERROR:process_reader_win.cc(151)] SuspendThread: Acceso denegado. (0x5)
[0909/184431.039:ERROR:process_reader_win.cc(151)] SuspendThread: Acceso denegado. (0x5)
[0909/184431.039:ERROR:process_reader_win.cc(151)] SuspendThread: Acceso denegado. (0x5)
[0909/184431.039:ERROR:process_reader_win.cc(151)] SuspendThread: Acceso denegado. (0x5)
[0909/184431.039:ERROR:process_reader_win.cc(151)] SuspendThread: Acceso denegado. (0x5)
[0909/184431.039:ERROR:process_reader_win.cc(151)] SuspendThread: Acceso denegado. (0x5)
[0909/184431.039:ERROR:process_reader_win.cc(151)] SuspendThread: Acceso denegado. (0x5)
[0909/184431.025:ERROR:process_reader_win.cc(123)] NtOpenThread: {Acceso denegado} Un proceso ha solicitado acceso a un objeto, pero no se le han concedido esos derechos de acceso. (0xc0000022)
[0909/184431.042:ERROR:exception_snapshot_win.cc(99)] thread ID 6768 not found in process
[0909/184431.039:ERROR:process_reader_win.cc(123)] NtOpenThread: {Acceso denegado} Un proceso ha solicitado acceso a un objeto, pero no se le han concedido esos derechos de acceso. (0xc0000022)
[0909/184431.044:ERROR:exception_snapshot_win.cc(99)] thread ID 8904 not found in process
[0909/184841.401:ERROR:process_reader_win.cc(151)] SuspendThread: Acceso denegado. (0x5)
[0909/184841.403:ERROR:process_reader_win.cc(151)] SuspendThread: Acceso denegado. (0x5)
[0909/184841.404:ERROR:process_reader_win.cc(151)] SuspendThread: Acceso denegado. (0x5)
[0909/184841.404:ERROR:process_reader_win.cc(151)] SuspendThread: Acceso denegado. (0x5)
[0909/184841.404:ERROR:process_reader_win.cc(151)] SuspendThread: Acceso denegado. (0x5)
[0909/184841.404:ERROR:process_reader_win.cc(151)] SuspendThread: Acceso denegado. (0x5)
[0909/184841.404:ERROR:process_reader_win.cc(151)] SuspendThread: Acceso denegado. (0x5)
[0909/184841.404:ERROR:process_reader_win.cc(151)] SuspendThread: Acceso denegado. (0x5)
[0909/184841.404:ERROR:process_reader_win.cc(151)] SuspendThread: Acceso denegado. (0x5)
[0909/184841.404:ERROR:process_reader_win.cc(151)] SuspendThread: Acceso denegado. (0x5)
[0909/184841.404:ERROR:process_reader_win.cc(151)] SuspendThread: Acceso denegado. (0x5)
[0909/184841.404:ERROR:process_reader_win.cc(151)] SuspendThread: Acceso denegado. (0x5)
[0909/184841.404:ERROR:process_reader_win.cc(123)] NtOpenThread: {Acceso denegado} Un proceso ha solicitado acceso a un objeto, pero no se le han concedido esos derechos de acceso. (0xc0000022)
[0909/184841.405:ERROR:exception_snapshot_win.cc(99)] thread ID 7832 not found in process
[0909/184841.404:ERROR:process_reader_win.cc(151)] SuspendThread: Acceso denegado. (0x5)
[0909/184841.406:ERROR:process_reader_win.cc(151)] SuspendThread: Acceso denegado. (0x5)
[0909/184841.407:ERROR:process_reader_win.cc(151)] SuspendThread: Acceso denegado. (0x5)
[0909/184841.407:ERROR:process_reader_win.cc(151)] SuspendThread: Acceso denegado. (0x5)
[0909/184841.407:ERROR:process_reader_win.cc(151)] SuspendThread: Acceso denegado. (0x5)
[0909/184841.407:ERROR:process_reader_win.cc(151)] SuspendThread: Acceso denegado. (0x5)
[0909/184841.407:ERROR:process_reader_win.cc(151)] SuspendThread: Acceso denegado. (0x5)
[0909/184841.407:ERROR:process_reader_win.cc(151)] SuspendThread: Acceso denegado. (0x5)
[0909/184841.407:ERROR:process_reader_win.cc(151)] SuspendThread: Acceso denegado. (0x5)
[0909/184841.407:ERROR:process_reader_win.cc(151)] SuspendThread: Acceso denegado. (0x5)
[0909/184841.407:ERROR:process_reader_win.cc(151)] SuspendThread: Acceso denegado. (0x5)
[0909/184841.407:ERROR:process_reader_win.cc(151)] SuspendThread: Acceso denegado. (0x5)
[0909/184841.407:ERROR:process_reader_win.cc(151)] SuspendThread: Acceso denegado. (0x5)
[0909/184841.408:ERROR:process_reader_win.cc(123)] NtOpenThread: {Acceso denegado} Un proceso ha solicitado acceso a un objeto, pero no se le han concedido esos derechos de acceso. (0xc0000022)
[0909/184841.408:ERROR:exception_snapshot_win.cc(99)] thread ID 2636 not found in process
[0909/184841.425:ERROR:process_reader_win.cc(151)] SuspendThread: Acceso denegado. (0x5)
[0909/184841.425:ERROR:process_reader_win.cc(151)] SuspendThread: Acceso denegado. (0x5)
[0909/184841.425:ERROR:process_reader_win.cc(151)] SuspendThread: Acceso denegado. (0x5)
[0909/184841.425:ERROR:process_reader_win.cc(151)] SuspendThread: Acceso denegado. (0x5)
[0909/184841.425:ERROR:process_reader_win.cc(151)] SuspendThread: Acceso denegado. (0x5)
[0909/184841.425:ERROR:process_reader_win.cc(151)] SuspendThread: Acceso denegado. (0x5)
[0909/184841.425:ERROR:process_reader_win.cc(151)] SuspendThread: Acceso denegado. (0x5)
[0909/184841.425:ERROR:process_reader_win.cc(151)] SuspendThread: Acceso denegado. (0x5)
[0909/184841.425:ERROR:process_reader_win.cc(151)] SuspendThread: Acceso denegado. (0x5)
[0909/184841.425:ERROR:process_reader_win.cc(151)] SuspendThread: Acceso denegado. (0x5)
[0909/184841.425:ERROR:process_reader_win.cc(151)] SuspendThread: Acceso denegado. (0x5)
[0909/184841.425:ERROR:process_reader_win.cc(151)] SuspendThread: Acceso denegado. (0x5)
[0909/184841.425:ERROR:process_reader_win.cc(151)] SuspendThread: Acceso denegado. (0x5)
[0909/184841.425:ERROR:process_reader_win.cc(151)] SuspendThread: Acceso denegado. (0x5)
[0909/184841.425:ERROR:process_reader_win.cc(151)] SuspendThread: Acceso denegado. (0x5)
[0909/184841.425:ERROR:process_reader_win.cc(151)] SuspendThread: Acceso denegado. (0x5)
[0909/184841.425:ERROR:process_reader_win.cc(151)] SuspendThread: Acceso denegado. (0x5)
[0909/184841.425:ERROR:process_reader_win.cc(151)] SuspendThread: Acceso denegado. (0x5)
[0909/184841.425:ERROR:process_reader_win.cc(151)] SuspendThread: Acceso denegado. (0x5)
[0909/184841.425:ERROR:process_reader_win.cc(151)] SuspendThread: Acceso denegado. (0x5)
[0909/184841.425:ERROR:process_reader_win.cc(151)] SuspendThread: Acceso denegado. (0x5)
[0909/184841.425:ERROR:process_reader_win.cc(151)] SuspendThread: Acceso denegado. (0x5)
[0909/184841.425:ERROR:process_reader_win.cc(151)] SuspendThread: Acceso denegado. (0x5)
[0909/184841.425:ERROR:process_reader_win.cc(151)] SuspendThread: Acceso denegado. (0x5)
[0909/184841.425:ERROR:process_reader_win.cc(151)] SuspendThread: Acceso denegado. (0x5)
[0909/184841.425:ERROR:process_reader_win.cc(151)] SuspendThread: Acceso denegado. (0x5)
[0909/184841.425:ERROR:process_reader_win.cc(151)] SuspendThread: Acceso denegado. (0x5)
[0909/184841.425:ERROR:process_reader_win.cc(151)] SuspendThread: Acceso denegado. (0x5)
[0909/184841.425:ERROR:process_reader_win.cc(151)] SuspendThread: Acceso denegado. (0x5)
[0909/184841.425:ERROR:process_reader_win.cc(151)] SuspendThread: Acceso denegado. (0x5)
[0909/184841.426:ERROR:process_reader_win.cc(151)] SuspendThread: Acceso denegado. (0x5)
[0909/184841.426:ERROR:process_reader_win.cc(151)] SuspendThread: Acceso denegado. (0x5)
[0909/184841.426:ERROR:process_reader_win.cc(123)] NtOpenThread: {Acceso denegado} Un proceso ha solicitado acceso a un objeto, pero no se le han concedido esos derechos de acceso. (0xc0000022)
[0909/184841.426:ERROR:exception_snapshot_win.cc(99)] thread ID 16240 not found in process
[0909/184841.479:ERROR:process_reader_win.cc(151)] SuspendThread: Acceso denegado. (0x5)
[0909/184841.479:ERROR:process_reader_win.cc(151)] SuspendThread: Acceso denegado. (0x5)
[0909/184841.479:ERROR:process_reader_win.cc(151)] SuspendThread: Acceso denegado. (0x5)
[0909/184841.479:ERROR:process_reader_win.cc(151)] SuspendThread: Acceso denegado. (0x5)
[0909/184841.479:ERROR:process_reader_win.cc(123)] NtOpenThread: {Acceso denegado} Un proceso ha solicitado acceso a un objeto, pero no se le han concedido esos derechos de acceso. (0xc0000022)
[0909/184841.479:ERROR:exception_snapshot_win.cc(99)] thread ID 16080 not found in process
[0909/191022.059:ERROR:process_reader_win.cc(151)] SuspendThread: Acceso denegado. (0x5)
[0909/191022.067:ERROR:process_reader_win.cc(151)] SuspendThread: Acceso denegado. (0x5)
[0909/191022.112:ERROR:process_reader_win.cc(151)] SuspendThread: Acceso denegado. (0x5)
[0909/191022.112:ERROR:process_reader_win.cc(151)] SuspendThread: Acceso denegado. (0x5)
[0909/191022.112:ERROR:process_reader_win.cc(151)] SuspendThread: Acceso denegado. (0x5)
[0909/191022.112:ERROR:process_reader_win.cc(151)] SuspendThread: Acceso denegado. (0x5)
[0909/191022.112:ERROR:process_reader_win.cc(151)] SuspendThread: Acceso denegado. (0x5)
[0909/191022.112:ERROR:process_reader_win.cc(151)] SuspendThread: Acceso denegado. (0x5)
[0909/191022.112:ERROR:process_reader_win.cc(151)] SuspendThread: Acceso denegado. (0x5)
[0909/191022.112:ERROR:process_reader_win.cc(151)] SuspendThread: Acceso denegado. (0x5)
[0909/191022.112:ERROR:process_reader_win.cc(151)] SuspendThread: Acceso denegado. (0x5)
[0909/191022.112:ERROR:process_reader_win.cc(151)] SuspendThread: Acceso denegado. (0x5)
[0909/191022.112:ERROR:process_reader_win.cc(151)] SuspendThread: Acceso denegado. (0x5)
[0909/191022.112:ERROR:process_reader_win.cc(151)] SuspendThread: Acceso denegado. (0x5)
[0909/191022.112:ERROR:process_reader_win.cc(151)] SuspendThread: Acceso denegado. (0x5)
[0909/191022.112:ERROR:process_reader_win.cc(151)] SuspendThread: Acceso denegado. (0x5)
[0909/191022.112:ERROR:process_reader_win.cc(151)] SuspendThread: Acceso denegado. (0x5)
[0909/191022.112:ERROR:process_reader_win.cc(151)] SuspendThread: Acceso denegado. (0x5)
[0909/191022.112:ERROR:process_reader_win.cc(151)] SuspendThread: Acceso denegado. (0x5)
[0909/191022.112:ERROR:process_reader_win.cc(151)] SuspendThread: Acceso denegado. (0x5)
[0909/191022.112:ERROR:process_reader_win.cc(151)] SuspendThread: Acceso denegado. (0x5)
[0909/191022.112:ERROR:process_reader_win.cc(151)] SuspendThread: Acceso denegado. (0x5)
[0909/191022.112:ERROR:process_reader_win.cc(151)] SuspendThread: Acceso denegado. (0x5)
[0909/191022.112:ERROR:process_reader_win.cc(151)] SuspendThread: Acceso denegado. (0x5)
[0909/191022.112:ERROR:process_reader_win.cc(151)] SuspendThread: Acceso denegado. (0x5)
[0909/191022.112:ERROR:process_reader_win.cc(151)] SuspendThread: Acceso denegado. (0x5)
[0909/191022.112:ERROR:process_reader_win.cc(151)] SuspendThread: Acceso denegado. (0x5)
[0909/191022.112:ERROR:process_reader_win.cc(151)] SuspendThread: Acceso denegado. (0x5)
[0909/191022.112:ERROR:process_reader_win.cc(151)] SuspendThread: Acceso denegado. (0x5)
[0909/191022.112:ERROR:process_reader_win.cc(151)] SuspendThread: Acceso denegado. (0x5)
[0909/191022.112:ERROR:process_reader_win.cc(151)] SuspendThread: Acceso denegado. (0x5)
[0909/191022.113:ERROR:process_reader_win.cc(151)] SuspendThread: Acceso denegado. (0x5)
[0909/191022.113:ERROR:process_reader_win.cc(151)] SuspendThread: Acceso denegado. (0x5)
[0909/191022.113:ERROR:process_reader_win.cc(151)] SuspendThread: Acceso denegado. (0x5)
[0909/191022.113:ERROR:process_reader_win.cc(151)] SuspendThread: Acceso denegado. (0x5)
[0909/191022.113:ERROR:process_reader_win.cc(151)] SuspendThread: Acceso denegado. (0x5)
[0909/191022.113:ERROR:process_reader_win.cc(151)] SuspendThread: Acceso denegado. (0x5)
[0909/191022.121:ERROR:process_reader_win.cc(151)] SuspendThread: Acceso denegado. (0x5)
[0909/191022.113:ERROR:process_reader_win.cc(123)] NtOpenThread: {Acceso denegado} Un proceso ha solicitado acceso a un objeto, pero no se le han concedido esos derechos de acceso. (0xc0000022)
[0909/191022.135:ERROR:exception_snapshot_win.cc(99)] thread ID 4564 not found in process
[0909/191022.121:ERROR:process_reader_win.cc(123)] NtOpenThread: {Acceso denegado} Un proceso ha solicitado acceso a un objeto, pero no se le han concedido esos derechos de acceso. (0xc0000022)
[0909/191022.137:ERROR:exception_snapshot_win.cc(99)] thread ID 9316 not found in process
[0909/191022.112:ERROR:process_reader_win.cc(123)] NtOpenThread: {Acceso denegado} Un proceso ha solicitado acceso a un objeto, pero no se le han concedido esos derechos de acceso. (0xc0000022)
[0909/191022.163:ERROR:exception_snapshot_win.cc(99)] thread ID 18168 not found in process
[0909/191022.187:ERROR:process_reader_win.cc(151)] SuspendThread: Acceso denegado. (0x5)
[0909/191022.187:ERROR:process_reader_win.cc(151)] SuspendThread: Acceso denegado. (0x5)
[0909/191022.188:ERROR:process_reader_win.cc(151)] SuspendThread: Acceso denegado. (0x5)
[0909/191022.188:ERROR:process_reader_win.cc(123)] NtOpenThread: {Acceso denegado} Un proceso ha solicitado acceso a un objeto, pero no se le han concedido esos derechos de acceso. (0xc0000022)
[0909/191022.188:ERROR:exception_snapshot_win.cc(99)] thread ID 12604 not found in process
[0909/194208.615:ERROR:process_reader_win.cc(123)] NtOpenThread: {Acceso denegado} Un proceso ha solicitado acceso a un objeto, pero no se le han concedido esos derechos de acceso. (0xc0000022)
[0909/194208.779:ERROR:exception_snapshot_win.cc(99)] thread ID 13748 not found in process
[0909/194209.187:ERROR:process_reader_win.cc(123)] NtOpenThread: {Acceso denegado} Un proceso ha solicitado acceso a un objeto, pero no se le han concedido esos derechos de acceso. (0xc0000022)
[0909/194209.187:ERROR:exception_snapshot_win.cc(99)] thread ID 16392 not found in process
[0909/194209.356:ERROR:process_reader_win.cc(123)] NtOpenThread: {Acceso denegado} Un proceso ha solicitado acceso a un objeto, pero no se le han concedido esos derechos de acceso. (0xc0000022)
[0909/194209.356:ERROR:exception_snapshot_win.cc(99)] thread ID 3576 not found in process
[0909/194209.443:ERROR:process_reader_win.cc(123)] NtOpenThread: {Acceso denegado} Un proceso ha solicitado acceso a un objeto, pero no se le han concedido esos derechos de acceso. (0xc0000022)
[0909/194209.443:ERROR:exception_snapshot_win.cc(99)] thread ID 12364 not found in process
[0909/194209.691:ERROR:process_reader_win.cc(123)] NtOpenThread: {Acceso denegado} Un proceso ha solicitado acceso a un objeto, pero no se le han concedido esos derechos de acceso. (0xc0000022)
[0909/194209.692:ERROR:exception_snapshot_win.cc(99)] thread ID 9736 not found in process
[0909/194209.765:ERROR:process_reader_win.cc(123)] NtOpenThread: {Acceso denegado} Un proceso ha solicitado acceso a un objeto, pero no se le han concedido esos derechos de acceso. (0xc0000022)
[0909/194209.765:ERROR:exception_snapshot_win.cc(99)] thread ID 1552 not found in process
[0909/194210.086:ERROR:process_reader_win.cc(123)] NtOpenThread: {Acceso denegado} Un proceso ha solicitado acceso a un objeto, pero no se le han concedido esos derechos de acceso. (0xc0000022)
[0909/194210.087:ERROR:exception_snapshot_win.cc(99)] thread ID 2656 not found in process
[0909/194210.143:ERROR:process_reader_win.cc(123)] NtOpenThread: {Acceso denegado} Un proceso ha solicitado acceso a un objeto, pero no se le han concedido esos derechos de acceso. (0xc0000022)
[0909/194210.143:ERROR:exception_snapshot_win.cc(99)] thread ID 10404 not found in process
[0909/195059.646:ERROR:process_reader_win.cc(151)] SuspendThread: Acceso denegado. (0x5)
[0909/195059.646:ERROR:process_reader_win.cc(151)] SuspendThread: Acceso denegado. (0x5)
[0909/195059.648:ERROR:process_reader_win.cc(151)] SuspendThread: Acceso denegado. (0x5)
[0909/195059.648:ERROR:process_reader_win.cc(151)] SuspendThread: Acceso denegado. (0x5)
[0909/195059.648:ERROR:process_reader_win.cc(151)] SuspendThread: Acceso denegado. (0x5)
[0909/195059.648:ERROR:process_reader_win.cc(151)] SuspendThread: Acceso denegado. (0x5)
[0909/195059.648:ERROR:process_reader_win.cc(151)] SuspendThread: Acceso denegado. (0x5)
[0909/195059.648:ERROR:process_reader_win.cc(151)] SuspendThread: Acceso denegado. (0x5)
[0909/195059.648:ERROR:process_reader_win.cc(151)] SuspendThread: Acceso denegado. (0x5)
[0909/195059.648:ERROR:process_reader_win.cc(123)] NtOpenThread: {Acceso denegado} Un proceso ha solicitado acceso a un objeto, pero no se le han concedido esos derechos de acceso. (0xc0000022)
[0909/195059.648:ERROR:exception_snapshot_win.cc(99)] thread ID 12128 not found in process
[0909/195059.648:ERROR:process_reader_win.cc(123)] NtOpenThread: {Acceso denegado} Un proceso ha solicitado acceso a un objeto, pero no se le han concedido esos derechos de acceso. (0xc0000022)
[0909/195059.649:ERROR:exception_snapshot_win.cc(99)] thread ID 13668 not found in process
[0909/195059.658:ERROR:process_reader_win.cc(151)] SuspendThread: Acceso denegado. (0x5)
[0909/195059.658:ERROR:process_reader_win.cc(123)] NtOpenThread: {Acceso denegado} Un proceso ha solicitado acceso a un objeto, pero no se le han concedido esos derechos de acceso. (0xc0000022)
[0909/195059.658:ERROR:exception_snapshot_win.cc(99)] thread ID 15832 not found in process
[0909/195059.660:ERROR:process_reader_win.cc(123)] NtOpenThread: {Acceso denegado} Un proceso ha solicitado acceso a un objeto, pero no se le han concedido esos derechos de acceso. (0xc0000022)
[0909/195059.660:ERROR:exception_snapshot_win.cc(99)] thread ID 1188 not found in process
[0909/195723.512:ERROR:process_reader_win.cc(151)] SuspendThread: Acceso denegado. (0x5)
[0909/195723.513:ERROR:process_reader_win.cc(151)] SuspendThread: Acceso denegado. (0x5)
[0909/195723.513:ERROR:process_reader_win.cc(151)] SuspendThread: Acceso denegado. (0x5)
[0909/195723.513:ERROR:process_reader_win.cc(151)] SuspendThread: Acceso denegado. (0x5)
[0909/195723.513:ERROR:process_reader_win.cc(151)] SuspendThread: Acceso denegado. (0x5)
[0909/195723.513:ERROR:process_reader_win.cc(151)] SuspendThread: Acceso denegado. (0x5)
[0909/195723.513:ERROR:process_reader_win.cc(151)] SuspendThread: Acceso denegado. (0x5)
[0909/195723.513:ERROR:process_reader_win.cc(151)] SuspendThread: Acceso denegado. (0x5)
[0909/195723.513:ERROR:process_reader_win.cc(151)] SuspendThread: Acceso denegado. (0x5)
[0909/195723.513:ERROR:process_reader_win.cc(151)] SuspendThread: Acceso denegado. (0x5)
[0909/195723.513:ERROR:process_reader_win.cc(151)] SuspendThread: Acceso denegado. (0x5)
[0909/195723.513:ERROR:process_reader_win.cc(151)] SuspendThread: Acceso denegado. (0x5)
[0909/195723.513:ERROR:process_reader_win.cc(151)] SuspendThread: Acceso denegado. (0x5)
[0909/195723.513:ERROR:process_reader_win.cc(151)] SuspendThread: Acceso denegado. (0x5)
[0909/195723.513:ERROR:process_reader_win.cc(151)] SuspendThread: Acceso denegado. (0x5)
[0909/195723.513:ERROR:process_reader_win.cc(151)] SuspendThread: Acceso denegado. (0x5)
[0909/195723.513:ERROR:process_reader_win.cc(151)] SuspendThread: Acceso denegado. (0x5)
[0909/195723.513:ERROR:process_reader_win.cc(151)] SuspendThread: Acceso denegado. (0x5)
[0909/195723.513:ERROR:process_reader_win.cc(151)] SuspendThread: Acceso denegado. (0x5)
[0909/195723.513:ERROR:process_reader_win.cc(151)] SuspendThread: Acceso denegado. (0x5)
[0909/195723.513:ERROR:process_reader_win.cc(151)] SuspendThread: Acceso denegado. (0x5)
[0909/195723.513:ERROR:process_reader_win.cc(151)] SuspendThread: Acceso denegado. (0x5)
[0909/195723.513:ERROR:process_reader_win.cc(151)] SuspendThread: Acceso denegado. (0x5)
[0909/195723.513:ERROR:process_reader_win.cc(151)] SuspendThread: Acceso denegado. (0x5)
[0909/195723.513:ERROR:process_reader_win.cc(151)] SuspendThread: Acceso denegado. (0x5)
[0909/195723.513:ERROR:process_reader_win.cc(151)] SuspendThread: Acceso denegado. (0x5)
[0909/195723.513:ERROR:process_reader_win.cc(151)] SuspendThread: Acceso denegado. (0x5)
[0909/195723.513:ERROR:process_reader_win.cc(123)] NtOpenThread: {Acceso denegado} Un proceso ha solicitado acceso a un objeto, pero no se le han concedido esos derechos de acceso. (0xc0000022)
[0909/195723.514:ERROR:exception_snapshot_win.cc(99)] thread ID 15960 not found in process
[0909/195723.552:ERROR:process_reader_win.cc(123)] NtOpenThread: {Acceso denegado} Un proceso ha solicitado acceso a un objeto, pero no se le han concedido esos derechos de acceso. (0xc0000022)
[0909/195723.552:ERROR:exception_snapshot_win.cc(99)] thread ID 15524 not found in process
[0909/200524.357:ERROR:process_reader_win.cc(151)] SuspendThread: Acceso denegado. (0x5)
[0909/200524.359:ERROR:process_reader_win.cc(151)] SuspendThread: Acceso denegado. (0x5)
[0909/200524.360:ERROR:process_reader_win.cc(151)] SuspendThread: Acceso denegado. (0x5)
[0909/200524.360:ERROR:process_reader_win.cc(151)] SuspendThread: Acceso denegado. (0x5)
[0909/200524.360:ERROR:process_reader_win.cc(151)] SuspendThread: Acceso denegado. (0x5)
[0909/200524.360:ERROR:process_reader_win.cc(151)] SuspendThread: Acceso denegado. (0x5)
[0909/200524.360:ERROR:process_reader_win.cc(151)] SuspendThread: Acceso denegado. (0x5)
[0909/200524.360:ERROR:process_reader_win.cc(151)] SuspendThread: Acceso denegado. (0x5)
[0909/200524.360:ERROR:process_reader_win.cc(151)] SuspendThread: Acceso denegado. (0x5)
[0909/200524.360:ERROR:process_reader_win.cc(151)] SuspendThread: Acceso denegado. (0x5)
[0909/200524.360:ERROR:process_reader_win.cc(151)] SuspendThread: Acceso denegado. (0x5)
[0909/200524.360:ERROR:process_reader_win.cc(151)] SuspendThread: Acceso denegado. (0x5)
[0909/200524.360:ERROR:process_reader_win.cc(151)] SuspendThread: Acceso denegado. (0x5)
[0909/200524.360:ERROR:process_reader_win.cc(151)] SuspendThread: Acceso denegado. (0x5)
[0909/200524.360:ERROR:process_reader_win.cc(151)] SuspendThread: Acceso denegado. (0x5)
[0909/200524.360:ERROR:process_reader_win.cc(151)] SuspendThread: Acceso denegado. (0x5)
[0909/200524.360:ERROR:process_reader_win.cc(151)] SuspendThread: Acceso denegado. (0x5)
[0909/200524.360:ERROR:process_reader_win.cc(151)] SuspendThread: Acceso denegado. (0x5)
[0909/200524.360:ERROR:process_reader_win.cc(151)] SuspendThread: Acceso denegado. (0x5)
[0909/200524.360:ERROR:process_reader_win.cc(151)] SuspendThread: Acceso denegado. (0x5)
[0909/200524.360:ERROR:process_reader_win.cc(151)] SuspendThread: Acceso denegado. (0x5)
[0909/200524.360:ERROR:process_reader_win.cc(151)] SuspendThread: Acceso denegado. (0x5)
[0909/200524.360:ERROR:process_reader_win.cc(151)] SuspendThread: Acceso denegado. (0x5)
[0909/200524.360:ERROR:process_reader_win.cc(151)] SuspendThread: Acceso denegado. (0x5)
[0909/200524.360:ERROR:process_reader_win.cc(151)] SuspendThread: Acceso denegado. (0x5)
[0909/200524.360:ERROR:process_reader_win.cc(123)] NtOpenThread: {Acceso denegado} Un proceso ha solicitado acceso a un objeto, pero no se le han concedido esos derechos de acceso. (0xc0000022)
[0909/200524.361:ERROR:exception_snapshot_win.cc(99)] thread ID 7216 not found in process
[0909/200524.360:ERROR:process_reader_win.cc(151)] SuspendThread: Acceso denegado. (0x5)
[0909/200524.361:ERROR:process_reader_win.cc(151)] SuspendThread: Acceso denegado. (0x5)
[0909/200524.361:ERROR:process_reader_win.cc(151)] SuspendThread: Acceso denegado. (0x5)
[0909/200524.361:ERROR:process_reader_win.cc(151)] SuspendThread: Acceso denegado. (0x5)
[0909/200524.362:ERROR:process_reader_win.cc(151)] SuspendThread: Acceso denegado. (0x5)
[0909/200524.362:ERROR:process_reader_win.cc(151)] SuspendThread: Acceso denegado. (0x5)
[0909/200524.362:ERROR:process_reader_win.cc(151)] SuspendThread: Acceso denegado. (0x5)
[0909/200524.362:ERROR:process_reader_win.cc(151)] SuspendThread: Acceso denegado. (0x5)
[0909/200524.362:ERROR:process_reader_win.cc(151)] SuspendThread: Acceso denegado. (0x5)
[0909/200524.362:ERROR:process_reader_win.cc(151)] SuspendThread: Acceso denegado. (0x5)
[0909/200524.362:ERROR:process_reader_win.cc(151)] SuspendThread: Acceso denegado. (0x5)
[0909/200524.362:ERROR:process_reader_win.cc(151)] SuspendThread: Acceso denegado. (0x5)
[0909/200524.362:ERROR:process_reader_win.cc(151)] SuspendThread: Acceso denegado. (0x5)
[0909/200524.362:ERROR:process_reader_win.cc(151)] SuspendThread: Acceso denegado. (0x5)
[0909/200524.362:ERROR:process_reader_win.cc(151)] SuspendThread: Acceso denegado. (0x5)
[0909/200524.362:ERROR:process_reader_win.cc(151)] SuspendThread: Acceso denegado. (0x5)
[0909/200524.362:ERROR:process_reader_win.cc(151)] SuspendThread: Acceso denegado. (0x5)
[0909/200524.362:ERROR:process_reader_win.cc(151)] SuspendThread: Acceso denegado. (0x5)
[0909/200524.362:ERROR:process_reader_win.cc(151)] SuspendThread: Acceso denegado. (0x5)
[0909/200524.362:ERROR:process_reader_win.cc(123)] NtOpenThread: {Acceso denegado} Un proceso ha solicitado acceso a un objeto, pero no se le han concedido esos derechos de acceso. (0xc0000022)
[0909/200524.363:ERROR:exception_snapshot_win.cc(99)] thread ID 13276 not found in process
[0909/200524.381:ERROR:process_reader_win.cc(123)] NtOpenThread: {Acceso denegado} Un proceso ha solicitado acceso a un objeto, pero no se le han concedido esos derechos de acceso. (0xc0000022)
[0909/200524.381:ERROR:exception_snapshot_win.cc(99)] thread ID 1636 not found in process
[0909/200524.390:ERROR:process_reader_win.cc(123)] NtOpenThread: {Acceso denegado} Un proceso ha solicitado acceso a un objeto, pero no se le han concedido esos derechos de acceso. (0xc0000022)
[0909/200524.390:ERROR:exception_snapshot_win.cc(99)] thread ID 10576 not found in process
[0909/202043.982:ERROR:process_reader_win.cc(151)] SuspendThread: Acceso denegado. (0x5)
[0909/202044.004:ERROR:process_reader_win.cc(151)] SuspendThread: Acceso denegado. (0x5)
[0909/202044.004:ERROR:process_reader_win.cc(151)] SuspendThread: Acceso denegado. (0x5)
[0909/202043.984:ERROR:process_reader_win.cc(151)] SuspendThread: Acceso denegado. (0x5)
[0909/202044.004:ERROR:process_reader_win.cc(151)] SuspendThread: Acceso denegado. (0x5)
[0909/202044.004:ERROR:process_reader_win.cc(151)] SuspendThread: Acceso denegado. (0x5)
[0909/202044.004:ERROR:process_reader_win.cc(151)] SuspendThread: Acceso denegado. (0x5)
[0909/202044.004:ERROR:process_reader_win.cc(151)] SuspendThread: Acceso denegado. (0x5)
[0909/202044.004:ERROR:process_reader_win.cc(151)] SuspendThread: Acceso denegado. (0x5)
[0909/202044.004:ERROR:process_reader_win.cc(151)] SuspendThread: Acceso denegado. (0x5)
[0909/202044.004:ERROR:process_reader_win.cc(151)] SuspendThread: Acceso denegado. (0x5)
[0909/202044.004:ERROR:process_reader_win.cc(151)] SuspendThread: Acceso denegado. (0x5)
[0909/202044.004:ERROR:process_reader_win.cc(151)] SuspendThread: Acceso denegado. (0x5)
[0909/202044.004:ERROR:process_reader_win.cc(151)] SuspendThread: Acceso denegado. (0x5)
[0909/202044.004:ERROR:process_reader_win.cc(151)] SuspendThread: Acceso denegado. (0x5)
[0909/202044.004:ERROR:process_reader_win.cc(151)] SuspendThread: Acceso denegado. (0x5)
[0909/202044.004:ERROR:process_reader_win.cc(151)] SuspendThread: Acceso denegado. (0x5)
[0909/202044.004:ERROR:process_reader_win.cc(151)] SuspendThread: Acceso denegado. (0x5)
[0909/202044.004:ERROR:process_reader_win.cc(151)] SuspendThread: Acceso denegado. (0x5)
[0909/202044.004:ERROR:process_reader_win.cc(151)] SuspendThread: Acceso denegado. (0x5)
[0909/202043.989:ERROR:process_reader_win.cc(151)] SuspendThread: Acceso denegado. (0x5)
[0909/202043.993:ERROR:process_reader_win.cc(151)] SuspendThread: Acceso denegado. (0x5)
[0909/202044.005:ERROR:process_reader_win.cc(151)] SuspendThread: Acceso denegado. (0x5)
[0909/202044.008:ERROR:process_reader_win.cc(151)] SuspendThread: Acceso denegado. (0x5)
[0909/202044.008:ERROR:process_reader_win.cc(151)] SuspendThread: Acceso denegado. (0x5)
[0909/202044.008:ERROR:process_reader_win.cc(151)] SuspendThread: Acceso denegado. (0x5)
[0909/202044.009:ERROR:process_reader_win.cc(151)] SuspendThread: Acceso denegado. (0x5)
[0909/202044.009:ERROR:process_reader_win.cc(151)] SuspendThread: Acceso denegado. (0x5)
[0909/202044.009:ERROR:process_reader_win.cc(151)] SuspendThread: Acceso denegado. (0x5)
[0909/202044.009:ERROR:process_reader_win.cc(151)] SuspendThread: Acceso denegado. (0x5)
[0909/202044.009:ERROR:process_reader_win.cc(151)] SuspendThread: Acceso denegado. (0x5)
[0909/202044.009:ERROR:process_reader_win.cc(151)] SuspendThread: Acceso denegado. (0x5)
[0909/202044.009:ERROR:process_reader_win.cc(151)] SuspendThread: Acceso denegado. (0x5)
[0909/202044.009:ERROR:process_reader_win.cc(151)] SuspendThread: Acceso denegado. (0x5)
[0909/202044.009:ERROR:process_reader_win.cc(151)] SuspendThread: Acceso denegado. (0x5)
[0909/202044.009:ERROR:process_reader_win.cc(151)] SuspendThread: Acceso denegado. (0x5)
[0909/202044.009:ERROR:process_reader_win.cc(151)] SuspendThread: Acceso denegado. (0x5)
[0909/202044.009:ERROR:process_reader_win.cc(151)] SuspendThread: Acceso denegado. (0x5)
[0909/202044.009:ERROR:process_reader_win.cc(151)] SuspendThread: Acceso denegado. (0x5)
[0909/202044.010:ERROR:process_reader_win.cc(151)] SuspendThread: Acceso denegado. (0x5)
[0909/202044.010:ERROR:process_reader_win.cc(151)] SuspendThread: Acceso denegado. (0x5)
[0909/202044.010:ERROR:process_reader_win.cc(151)] SuspendThread: Acceso denegado. (0x5)
[0909/202044.010:ERROR:process_reader_win.cc(151)] SuspendThread: Acceso denegado. (0x5)
[0909/202044.010:ERROR:process_reader_win.cc(151)] SuspendThread: Acceso denegado. (0x5)
[0909/202044.010:ERROR:process_reader_win.cc(151)] SuspendThread: Acceso denegado. (0x5)
[0909/202044.010:ERROR:process_reader_win.cc(151)] SuspendThread: Acceso denegado. (0x5)
[0909/202044.010:ERROR:process_reader_win.cc(151)] SuspendThread: Acceso denegado. (0x5)
[0909/202044.010:ERROR:process_reader_win.cc(151)] SuspendThread: Acceso denegado. (0x5)
[0909/202044.010:ERROR:process_reader_win.cc(151)] SuspendThread: Acceso denegado. (0x5)
[0909/202044.010:ERROR:process_reader_win.cc(151)] SuspendThread: Acceso denegado. (0x5)
[0909/202044.010:ERROR:process_reader_win.cc(151)] SuspendThread: Acceso denegado. (0x5)
[0909/202044.010:ERROR:process_reader_win.cc(151)] SuspendThread: Acceso denegado. (0x5)
[0909/202044.010:ERROR:process_reader_win.cc(151)] SuspendThread: Acceso denegado. (0x5)
[0909/202044.010:ERROR:process_reader_win.cc(151)] SuspendThread: Acceso denegado. (0x5)
[0909/202044.010:ERROR:process_reader_win.cc(151)] SuspendThread: Acceso denegado. (0x5)
[0909/202044.010:ERROR:process_reader_win.cc(151)] SuspendThread: Acceso denegado. (0x5)
[0909/202044.010:ERROR:process_reader_win.cc(151)] SuspendThread: Acceso denegado. (0x5)
[0909/202044.010:ERROR:process_reader_win.cc(151)] SuspendThread: Acceso denegado. (0x5)
[0909/202044.010:ERROR:process_reader_win.cc(151)] SuspendThread: Acceso denegado. (0x5)
[0909/202044.010:ERROR:process_reader_win.cc(151)] SuspendThread: Acceso denegado. (0x5)
[0909/202044.010:ERROR:process_reader_win.cc(151)] SuspendThread: Acceso denegado. (0x5)
[0909/202044.010:ERROR:process_reader_win.cc(151)] SuspendThread: Acceso denegado. (0x5)
[0909/202044.004:ERROR:process_reader_win.cc(123)] NtOpenThread: {Acceso denegado} Un proceso ha solicitado acceso a un objeto, pero no se le han concedido esos derechos de acceso. (0xc0000022)
[0909/202044.017:ERROR:exception_snapshot_win.cc(99)] thread ID 2988 not found in process
[0909/202044.004:ERROR:process_reader_win.cc(123)] NtOpenThread: {Acceso denegado} Un proceso ha solicitado acceso a un objeto, pero no se le han concedido esos derechos de acceso. (0xc0000022)
[0909/202044.017:ERROR:exception_snapshot_win.cc(99)] thread ID 9016 not found in process
[0909/202044.010:ERROR:process_reader_win.cc(123)] NtOpenThread: {Acceso denegado} Un proceso ha solicitado acceso a un objeto, pero no se le han concedido esos derechos de acceso. (0xc0000022)
[0909/202044.026:ERROR:exception_snapshot_win.cc(99)] thread ID 7172 not found in process
[0909/202044.031:ERROR:process_reader_win.cc(151)] SuspendThread: Acceso denegado. (0x5)
[0909/202044.034:ERROR:process_reader_win.cc(151)] SuspendThread: Acceso denegado. (0x5)
[0909/202044.034:ERROR:process_reader_win.cc(151)] SuspendThread: Acceso denegado. (0x5)
[0909/202044.034:ERROR:process_reader_win.cc(151)] SuspendThread: Acceso denegado. (0x5)
[0909/202044.034:ERROR:process_reader_win.cc(151)] SuspendThread: Acceso denegado. (0x5)
[0909/202044.034:ERROR:process_reader_win.cc(151)] SuspendThread: Acceso denegado. (0x5)
[0909/202044.034:ERROR:process_reader_win.cc(151)] SuspendThread: Acceso denegado. (0x5)
[0909/202044.061:ERROR:process_reader_win.cc(151)] SuspendThread: Acceso denegado. (0x5)
[0909/202044.061:ERROR:process_reader_win.cc(151)] SuspendThread: Acceso denegado. (0x5)
[0909/202044.061:ERROR:process_reader_win.cc(151)] SuspendThread: Acceso denegado. (0x5)
[0909/202044.061:ERROR:process_reader_win.cc(123)] NtOpenThread: {Acceso denegado} Un proceso ha solicitado acceso a un objeto, pero no se le han concedido esos derechos de acceso. (0xc0000022)
[0909/202044.062:ERROR:exception_snapshot_win.cc(99)] thread ID 15888 not found in process
[0909/202044.062:ERROR:process_reader_win.cc(151)] SuspendThread: Acceso denegado. (0x5)
[0909/202044.062:ERROR:process_reader_win.cc(123)] NtOpenThread: {Acceso denegado} Un proceso ha solicitado acceso a un objeto, pero no se le han concedido esos derechos de acceso. (0xc0000022)
[0909/202044.063:ERROR:exception_snapshot_win.cc(99)] thread ID 1812 not found in process
[0909/202044.010:ERROR:process_reader_win.cc(151)] SuspendThread: Acceso denegado. (0x5)
[0909/202044.066:ERROR:process_reader_win.cc(151)] SuspendThread: Acceso denegado. (0x5)
[0909/202044.066:ERROR:process_reader_win.cc(151)] SuspendThread: Acceso denegado. (0x5)
[0909/202044.066:ERROR:process_reader_win.cc(151)] SuspendThread: Acceso denegado. (0x5)
[0909/202044.066:ERROR:process_reader_win.cc(151)] SuspendThread: Acceso denegado. (0x5)
[0909/202044.066:ERROR:process_reader_win.cc(151)] SuspendThread: Acceso denegado. (0x5)
[0909/202044.066:ERROR:process_reader_win.cc(151)] SuspendThread: Acceso denegado. (0x5)
[0909/202044.066:ERROR:process_reader_win.cc(151)] SuspendThread: Acceso denegado. (0x5)
[0909/202044.066:ERROR:process_reader_win.cc(151)] SuspendThread: Acceso denegado. (0x5)
[0909/202044.066:ERROR:process_reader_win.cc(151)] SuspendThread: Acceso denegado. (0x5)
[0909/202044.066:ERROR:process_reader_win.cc(151)] SuspendThread: Acceso denegado. (0x5)
[0909/202044.034:ERROR:process_reader_win.cc(123)] NtOpenThread: {Acceso denegado} Un proceso ha solicitado acceso a un objeto, pero no se le han concedido esos derechos de acceso. (0xc0000022)
[0909/202044.067:ERROR:exception_snapshot_win.cc(99)] thread ID 14060 not found in process
[0909/202044.063:ERROR:process_reader_win.cc(151)] SuspendThread: Acceso denegado. (0x5)
[0909/202044.069:ERROR:process_reader_win.cc(151)] SuspendThread: Acceso denegado. (0x5)
[0909/202044.069:ERROR:process_reader_win.cc(123)] NtOpenThread: {Acceso denegado} Un proceso ha solicitado acceso a un objeto, pero no se le han concedido esos derechos de acceso. (0xc0000022)
[0909/202044.069:ERROR:exception_snapshot_win.cc(99)] thread ID 7340 not found in process
[0909/202044.066:ERROR:process_reader_win.cc(123)] NtOpenThread: {Acceso denegado} Un proceso ha solicitado acceso a un objeto, pero no se le han concedido esos derechos de acceso. (0xc0000022)
[0909/202044.069:ERROR:exception_snapshot_win.cc(99)] thread ID 5180 not found in process
[0909/202044.103:ERROR:process_reader_win.cc(151)] SuspendThread: Acceso denegado. (0x5)
[0909/202044.103:ERROR:process_reader_win.cc(151)] SuspendThread: Acceso denegado. (0x5)
[0909/202044.103:ERROR:process_reader_win.cc(151)] SuspendThread: Acceso denegado. (0x5)
[0909/202044.103:ERROR:process_reader_win.cc(151)] SuspendThread: Acceso denegado. (0x5)
[0909/202044.103:ERROR:process_reader_win.cc(123)] NtOpenThread: {Acceso denegado} Un proceso ha solicitado acceso a un objeto, pero no se le han concedido esos derechos de acceso. (0xc0000022)
[0909/202044.103:ERROR:exception_snapshot_win.cc(99)] thread ID 7932 not found in process
[0909/202044.110:ERROR:process_reader_win.cc(151)] SuspendThread: Acceso denegado. (0x5)
[0909/202044.110:ERROR:process_reader_win.cc(151)] SuspendThread: Acceso denegado. (0x5)
[0909/202044.110:ERROR:process_reader_win.cc(151)] SuspendThread: Acceso denegado. (0x5)
[0909/202044.110:ERROR:process_reader_win.cc(151)] SuspendThread: Acceso denegado. (0x5)
[0909/202044.111:ERROR:process_reader_win.cc(123)] NtOpenThread: {Acceso denegado} Un proceso ha solicitado acceso a un objeto, pero no se le han concedido esos derechos de acceso. (0xc0000022)
[0909/202044.111:ERROR:exception_snapshot_win.cc(99)] thread ID 11856 not found in process
[0909/205140.112:ERROR:process_reader_win.cc(151)] SuspendThread: Acceso denegado. (0x5)
[0909/205140.113:ERROR:process_reader_win.cc(123)] NtOpenThread: {Acceso denegado} Un proceso ha solicitado acceso a un objeto, pero no se le han concedido esos derechos de acceso. (0xc0000022)
[0909/205140.113:ERROR:exception_snapshot_win.cc(99)] thread ID 17472 not found in process
[0909/205140.133:ERROR:process_reader_win.cc(151)] SuspendThread: Acceso denegado. (0x5)
[0909/205140.133:ERROR:process_reader_win.cc(151)] SuspendThread: Acceso denegado. (0x5)
[0909/205140.133:ERROR:process_reader_win.cc(151)] SuspendThread: Acceso denegado. (0x5)
[0909/205140.133:ERROR:process_reader_win.cc(151)] SuspendThread: Acceso denegado. (0x5)
[0909/205140.133:ERROR:process_reader_win.cc(151)] SuspendThread: Acceso denegado. (0x5)
[0909/205140.133:ERROR:process_reader_win.cc(123)] NtOpenThread: {Acceso denegado} Un proceso ha solicitado acceso a un objeto, pero no se le han concedido esos derechos de acceso. (0xc0000022)
[0909/205140.133:ERROR:exception_snapshot_win.cc(99)] thread ID 10912 not found in process
